#
# There is insufficient memory for the Java Runtime Environment to continue.
# Native memory allocation (malloc) failed to allocate 40976 bytes for Chunk::new
# Possible reasons:
#   The system is out of physical RAM or swap space
#   The process is running with CompressedOops enabled, and the Java Heap may be blocking the growth of the native heap
# Possible solutions:
#   Reduce memory load on the system
#   Increase physical memory or swap space
#   Check if swap backing store is full
#   Decrease Java heap size (-Xmx/-Xms)
#   Decrease number of Java threads
#   Decrease Java thread stack sizes (-Xss)
#   Set larger code cache with -XX:ReservedCodeCacheSize=
#   JVM is running with Unscaled Compressed Oops mode in which the Java heap is
#     placed in the first 4GB address space. The Java Heap base address is the
#     maximum limit for the native heap growth. Please use -XX:HeapBaseMinAddress
#     to set the Java Heap base and to place the Java Heap above 4GB virtual address.
# This output file may be truncated or incomplete.
#
#  Out of Memory Error (allocation.cpp:389), pid=14832, tid=0x0000000000004d44
#
# JRE version: OpenJDK Runtime Environment (8.0_242-b01) (build 1.8.0_242-release-1644-b01)
# Java VM: OpenJDK 64-Bit Server VM (25.242-b01 mixed mode windows-amd64 compressed oops)
# Failed to write core dump. Minidumps are not enabled by default on client versions of Windows
#

---------------  T H R E A D  ---------------

Current thread (0x000000001787c800):  JavaThread "C1 CompilerThread2" daemon [_thread_in_native, id=19780, stack(0x00000000190b0000,0x00000000191b0000)]

Stack: [0x00000000190b0000,0x00000000191b0000]
[error occurred during error reporting (printing stack bounds), id 0xc0000005]

Native frames: (J=compiled Java code, j=interpreted, Vv=VM code, C=native code)


Current CompileTask:
C1:  27906 15157 %     3       com.android.tools.r8.dex.n::m @ 64 (2044 bytes)


---------------  P R O C E S S  ---------------

Java Threads: ( => current thread )
  0x0000000019f39000 JavaThread "WorkerExecutor Queue Thread 5" [_thread_blocked, id=13380, stack(0x00000000301d0000,0x00000000302d0000)]
  0x0000000019f3a800 JavaThread "WorkerExecutor Queue Thread 4" [_thread_blocked, id=13060, stack(0x00000000300d0000,0x00000000301d0000)]
  0x0000000019f38800 JavaThread "WorkerExecutor Queue Thread 3" [_thread_in_Java, id=10700, stack(0x000000002ffd0000,0x00000000300d0000)]
  0x0000000019f30000 JavaThread "ForkJoinPool.commonPool-worker-3" daemon [_thread_blocked, id=11424, stack(0x000000002ed80000,0x000000002ee80000)]
  0x0000000019f37000 JavaThread "ForkJoinPool.commonPool-worker-2" daemon [_thread_blocked, id=17156, stack(0x000000002ec80000,0x000000002ed80000)]
  0x0000000019f35800 JavaThread "WorkerExecutor Queue Thread 2" [_thread_blocked, id=14936, stack(0x000000002fed0000,0x000000002ffd0000)]
  0x0000000019f34000 JavaThread "Cache worker for Java compile cache (C:\MyNewProjects\AndroidNotesApp\.gradle\6.5\javaCompile)" [_thread_blocked, id=10540, stack(0x000000002e880000,0x000000002e980000)]
  0x0000000019f33000 JavaThread "Cache worker for Java compile cache (C:\Users\Alex\.gradle\caches\6.5\javaCompile)" [_thread_blocked, id=17752, stack(0x000000002e780000,0x000000002e880000)]
  0x0000000019f34800 JavaThread "RMI TCP Connection(1)-127.0.0.1" daemon [_thread_in_native, id=13328, stack(0x000000002e680000,0x000000002e780000)]
  0x000000001bdd6800 JavaThread "RMI Reaper" [_thread_blocked, id=6804, stack(0x000000002e380000,0x000000002e480000)]
  0x000000001bdd5000 JavaThread "RMI TCP Accept-0" daemon [_thread_in_native, id=8060, stack(0x000000002e280000,0x000000002e380000)]
  0x000000001bdd4800 JavaThread "GC Daemon" daemon [_thread_blocked, id=16588, stack(0x000000002e180000,0x000000002e280000)]
  0x000000001bdd3000 JavaThread "RMI Scheduler(0)" daemon [_thread_blocked, id=13808, stack(0x000000002d130000,0x000000002d230000)]
  0x000000001bdd7800 JavaThread "WorkerExecutor Queue" [_thread_blocked, id=6852, stack(0x000000002d030000,0x000000002d130000)]
  0x000000001bdcd000 JavaThread "Cache worker for execution history cache (C:\MyNewProjects\AndroidNotesApp\.gradle\6.5\executionHistory)" [_thread_blocked, id=1280, stack(0x000000002b960000,0x000000002ba60000)]
  0x000000001bdc9000 JavaThread "Execution worker for ':' Thread 3" [_thread_blocked, id=20508, stack(0x000000002b860000,0x000000002b960000)]
  0x000000001bdcc000 JavaThread "Execution worker for ':' Thread 2" [_thread_blocked, id=11200, stack(0x000000002b760000,0x000000002b860000)]
  0x000000001bdcd800 JavaThread "Execution worker for ':'" [_thread_blocked, id=16060, stack(0x000000002b210000,0x000000002b310000)]
  0x000000001ecba000 JavaThread "Cache worker for file content cache (C:\MyNewProjects\AndroidNotesApp\.gradle\6.5\fileContent)" [_thread_blocked, id=17040, stack(0x000000002b110000,0x000000002b210000)]
  0x000000001ecb8800 JavaThread "Memory manager" [_thread_blocked, id=22076, stack(0x000000002a0f0000,0x000000002a1f0000)]
  0x000000001ecbf800 JavaThread "Cache worker for Build Output Cleanup Cache (C:\MyNewProjects\AndroidNotesApp\.gradle\buildOutputCleanup)" [_thread_blocked, id=19744, stack(0x00000000299f0000,0x0000000029af0000)]
  0x000000001ecb9800 JavaThread "jar transforms Thread 113" [_thread_blocked, id=12776, stack(0x00000000296f0000,0x00000000297f0000)]
  0x000000001ecbe000 JavaThread "jar transforms Thread 112" [_thread_blocked, id=13720, stack(0x00000000295f0000,0x00000000296f0000)]
  0x000000001ecbc800 JavaThread "jar transforms Thread 111" [_thread_blocked, id=9492, stack(0x00000000294f0000,0x00000000295f0000)]
  0x000000001ecbe800 JavaThread "jar transforms Thread 110" [_thread_blocked, id=14280, stack(0x00000000293f0000,0x00000000294f0000)]
  0x000000001ecbb800 JavaThread "jar transforms Thread 109" [_thread_blocked, id=17016, stack(0x00000000292f0000,0x00000000293f0000)]
  0x000000001ecbd000 JavaThread "jar transforms Thread 108" [_thread_blocked, id=17460, stack(0x00000000291f0000,0x00000000292f0000)]
  0x000000001ecb1000 JavaThread "jar transforms Thread 107" [_thread_blocked, id=16004, stack(0x00000000290f0000,0x00000000291f0000)]
  0x000000001ecb6800 JavaThread "jar transforms Thread 106" [_thread_blocked, id=19084, stack(0x0000000028ff0000,0x00000000290f0000)]
  0x000000001ecb5800 JavaThread "jar transforms Thread 105" [_thread_blocked, id=14172, stack(0x0000000028ef0000,0x0000000028ff0000)]
  0x000000001ecb2800 JavaThread "jar transforms Thread 104" [_thread_blocked, id=17568, stack(0x0000000028df0000,0x0000000028ef0000)]
  0x000000001ecb5000 JavaThread "jar transforms Thread 103" [_thread_blocked, id=19596, stack(0x0000000028cf0000,0x0000000028df0000)]
  0x000000001ecb8000 JavaThread "jar transforms Thread 102" [_thread_blocked, id=19112, stack(0x0000000028bf0000,0x0000000028cf0000)]
  0x000000001ecb4000 JavaThread "jar transforms Thread 101" [_thread_blocked, id=13972, stack(0x0000000028af0000,0x0000000028bf0000)]
  0x000000001ecb3800 JavaThread "jar transforms Thread 100" [_thread_blocked, id=15040, stack(0x00000000289f0000,0x0000000028af0000)]
  0x000000001ecb2000 JavaThread "jar transforms Thread 99" [_thread_blocked, id=9620, stack(0x00000000288f0000,0x00000000289f0000)]
  0x000000001ecb7000 JavaThread "jar transforms Thread 98" [_thread_blocked, id=20484, stack(0x00000000287f0000,0x00000000288f0000)]
  0x000000001ecb0800 JavaThread "jar transforms Thread 97" [_thread_blocked, id=21460, stack(0x00000000286f0000,0x00000000287f0000)]
  0x000000001e5cf800 JavaThread "jar transforms Thread 96" [_thread_blocked, id=9496, stack(0x00000000285f0000,0x00000000286f0000)]
  0x000000001e5ce800 JavaThread "jar transforms Thread 95" [_thread_blocked, id=17092, stack(0x00000000284f0000,0x00000000285f0000)]
  0x000000001e5ce000 JavaThread "jar transforms Thread 94" [_thread_blocked, id=16876, stack(0x00000000283f0000,0x00000000284f0000)]
  0x000000001e5cb800 JavaThread "jar transforms Thread 93" [_thread_blocked, id=2476, stack(0x00000000282f0000,0x00000000283f0000)]
  0x000000001e5cc000 JavaThread "jar transforms Thread 92" [_thread_blocked, id=17380, stack(0x00000000281f0000,0x00000000282f0000)]
  0x000000001e5ca000 JavaThread "jar transforms Thread 91" [_thread_blocked, id=11732, stack(0x00000000280f0000,0x00000000281f0000)]
  0x000000001e5c9000 JavaThread "jar transforms Thread 90" [_thread_blocked, id=10592, stack(0x0000000027ff0000,0x00000000280f0000)]
  0x000000001e5cd000 JavaThread "jar transforms Thread 89" [_thread_blocked, id=13388, stack(0x0000000027ef0000,0x0000000027ff0000)]
  0x000000001e5ca800 JavaThread "jar transforms Thread 88" [_thread_blocked, id=18740, stack(0x0000000027df0000,0x0000000027ef0000)]
  0x000000001e5c2800 JavaThread "jar transforms Thread 87" [_thread_blocked, id=18372, stack(0x0000000027cf0000,0x0000000027df0000)]
  0x000000001e5c8800 JavaThread "jar transforms Thread 86" [_thread_blocked, id=21072, stack(0x0000000027bf0000,0x0000000027cf0000)]
  0x000000001e5c3000 JavaThread "jar transforms Thread 85" [_thread_blocked, id=16864, stack(0x0000000027af0000,0x0000000027bf0000)]
  0x000000001e5c1000 JavaThread "jar transforms Thread 84" [_thread_blocked, id=15612, stack(0x00000000279f0000,0x0000000027af0000)]
  0x000000001e5c7800 JavaThread "jar transforms Thread 83" [_thread_blocked, id=11332, stack(0x00000000278f0000,0x00000000279f0000)]
  0x000000001e5c0000 JavaThread "jar transforms Thread 82" [_thread_blocked, id=11596, stack(0x00000000277f0000,0x00000000278f0000)]
  0x000000001e5c7000 JavaThread "jar transforms Thread 81" [_thread_blocked, id=8036, stack(0x00000000276f0000,0x00000000277f0000)]
  0x000000001e5c6000 JavaThread "jar transforms Thread 80" [_thread_blocked, id=8460, stack(0x00000000275f0000,0x00000000276f0000)]
  0x000000001e5c5800 JavaThread "jar transforms Thread 79" [_thread_blocked, id=20552, stack(0x00000000274f0000,0x00000000275f0000)]
  0x000000001e5c4800 JavaThread "jar transforms Thread 78" [_thread_blocked, id=13612, stack(0x00000000273f0000,0x00000000274f0000)]
  0x000000001e5c4000 JavaThread "jar transforms Thread 77" [_thread_blocked, id=22464, stack(0x00000000272f0000,0x00000000273f0000)]
  0x000000001e5c1800 JavaThread "jar transforms Thread 76" [_thread_blocked, id=20728, stack(0x00000000271f0000,0x00000000272f0000)]
  0x0000000019f6d000 JavaThread "jar transforms Thread 75" [_thread_blocked, id=5152, stack(0x00000000270f0000,0x00000000271f0000)]
  0x0000000019f6b800 JavaThread "jar transforms Thread 74" [_thread_blocked, id=9912, stack(0x0000000026ff0000,0x00000000270f0000)]
  0x0000000019f6c800 JavaThread "jar transforms Thread 73" [_thread_blocked, id=21956, stack(0x0000000026ef0000,0x0000000026ff0000)]
  0x0000000019f6e800 JavaThread "jar transforms Thread 72" [_thread_blocked, id=968, stack(0x0000000026df0000,0x0000000026ef0000)]
  0x0000000019f71000 JavaThread "jar transforms Thread 71" [_thread_blocked, id=4780, stack(0x0000000026cf0000,0x0000000026df0000)]
  0x0000000019f6b000 JavaThread "jar transforms Thread 70" [_thread_blocked, id=4068, stack(0x0000000026bf0000,0x0000000026cf0000)]
  0x0000000019f6f800 JavaThread "jar transforms Thread 69" [_thread_blocked, id=11936, stack(0x0000000026af0000,0x0000000026bf0000)]
  0x0000000019f6e000 JavaThread "jar transforms Thread 68" [_thread_blocked, id=20224, stack(0x00000000269f0000,0x0000000026af0000)]
  0x0000000019f70000 JavaThread "jar transforms Thread 67" [_thread_blocked, id=4092, stack(0x00000000268f0000,0x00000000269f0000)]
  0x0000000019f63000 JavaThread "jar transforms Thread 66" [_thread_blocked, id=21748, stack(0x00000000267f0000,0x00000000268f0000)]
  0x0000000019f69800 JavaThread "jar transforms Thread 65" [_thread_blocked, id=15660, stack(0x00000000266f0000,0x00000000267f0000)]
  0x0000000019f68000 JavaThread "jar transforms Thread 64" [_thread_blocked, id=21904, stack(0x00000000265f0000,0x00000000266f0000)]
  0x0000000019f6a000 JavaThread "jar transforms Thread 63" [_thread_blocked, id=4448, stack(0x00000000264f0000,0x00000000265f0000)]
  0x0000000019f68800 JavaThread "jar transforms Thread 62" [_thread_blocked, id=4324, stack(0x00000000263f0000,0x00000000264f0000)]
  0x0000000019f66800 JavaThread "jar transforms Thread 61" [_thread_blocked, id=13520, stack(0x00000000262f0000,0x00000000263f0000)]
  0x0000000019f61800 JavaThread "jar transforms Thread 60" [_thread_blocked, id=21776, stack(0x00000000261f0000,0x00000000262f0000)]
  0x0000000019f65000 JavaThread "jar transforms Thread 59" [_thread_blocked, id=16292, stack(0x00000000260f0000,0x00000000261f0000)]
  0x0000000019f62800 JavaThread "jar transforms Thread 58" [_thread_blocked, id=21180, stack(0x0000000025ff0000,0x00000000260f0000)]
  0x0000000019f64000 JavaThread "jar transforms Thread 57" [_thread_blocked, id=9956, stack(0x0000000025ef0000,0x0000000025ff0000)]
  0x0000000019f65800 JavaThread "jar transforms Thread 56" [_thread_blocked, id=10792, stack(0x0000000025df0000,0x0000000025ef0000)]
  0x0000000019f67000 JavaThread "jar transforms Thread 55" [_thread_blocked, id=6184, stack(0x0000000025cf0000,0x0000000025df0000)]
  0x000000001aa72000 JavaThread "jar transforms Thread 54" [_thread_blocked, id=7964, stack(0x0000000025bf0000,0x0000000025cf0000)]
  0x000000001aa78000 JavaThread "jar transforms Thread 53" [_thread_blocked, id=772, stack(0x0000000025af0000,0x0000000025bf0000)]
  0x000000001aa79000 JavaThread "jar transforms Thread 52" [_thread_blocked, id=22052, stack(0x00000000259f0000,0x0000000025af0000)]
  0x000000001aa74800 JavaThread "jar transforms Thread 51" [_thread_blocked, id=12240, stack(0x00000000258f0000,0x00000000259f0000)]
  0x000000001aa77800 JavaThread "jar transforms Thread 50" [_thread_blocked, id=9456, stack(0x00000000257f0000,0x00000000258f0000)]
  0x000000001aa76000 JavaThread "jar transforms Thread 49" [_thread_blocked, id=13568, stack(0x00000000256f0000,0x00000000257f0000)]
  0x000000001aa75000 JavaThread "jar transforms Thread 48" [_thread_blocked, id=8616, stack(0x00000000255f0000,0x00000000256f0000)]
  0x000000001aa76800 JavaThread "jar transforms Thread 47" [_thread_blocked, id=9744, stack(0x00000000254f0000,0x00000000255f0000)]
  0x000000001aa73800 JavaThread "jar transforms Thread 46" [_thread_blocked, id=4000, stack(0x00000000253f0000,0x00000000254f0000)]
  0x000000001aa73000 JavaThread "jar transforms Thread 45" [_thread_blocked, id=8144, stack(0x00000000252f0000,0x00000000253f0000)]
  0x000000001aa6a800 JavaThread "jar transforms Thread 44" [_thread_blocked, id=21660, stack(0x00000000251f0000,0x00000000252f0000)]
  0x000000001aa6d000 JavaThread "jar transforms Thread 43" [_thread_blocked, id=10492, stack(0x00000000250f0000,0x00000000251f0000)]
  0x000000001aa70000 JavaThread "jar transforms Thread 42" [_thread_blocked, id=1780, stack(0x0000000022980000,0x0000000022a80000)]
  0x000000001aa71800 JavaThread "jar transforms Thread 41" [_thread_blocked, id=14356, stack(0x0000000022350000,0x0000000022450000)]
  0x000000001aa6f000 JavaThread "jar transforms Thread 40" [_thread_blocked, id=19216, stack(0x0000000022250000,0x0000000022350000)]
  0x000000001aa70800 JavaThread "jar transforms Thread 39" [_thread_blocked, id=8792, stack(0x0000000024ef0000,0x0000000024ff0000)]
  0x000000001aa6c000 JavaThread "jar transforms Thread 38" [_thread_blocked, id=6156, stack(0x0000000024df0000,0x0000000024ef0000)]
  0x000000001aa6b800 JavaThread "jar transforms Thread 37" [_thread_blocked, id=16724, stack(0x0000000024cf0000,0x0000000024df0000)]
  0x000000001aa6a000 JavaThread "jar transforms Thread 36" [_thread_blocked, id=22172, stack(0x0000000024bf0000,0x0000000024cf0000)]
  0x000000001aa6d800 JavaThread "jar transforms Thread 35" [_thread_blocked, id=21204, stack(0x0000000024af0000,0x0000000024bf0000)]
  0x000000001aa6e800 JavaThread "jar transforms Thread 34" [_thread_blocked, id=15208, stack(0x00000000249f0000,0x0000000024af0000)]
  0x000000001a3a7800 JavaThread "jar transforms Thread 33" [_thread_blocked, id=13484, stack(0x00000000248f0000,0x00000000249f0000)]
  0x000000001a3a6000 JavaThread "jar transforms Thread 32" [_thread_blocked, id=19956, stack(0x00000000247f0000,0x00000000248f0000)]
  0x000000001a3a4800 JavaThread "jar transforms Thread 31" [_thread_blocked, id=19376, stack(0x00000000246f0000,0x00000000247f0000)]
  0x000000001a3a5800 JavaThread "jar transforms Thread 30" [_thread_blocked, id=19836, stack(0x00000000245f0000,0x00000000246f0000)]
  0x000000001a3a4000 JavaThread "jar transforms Thread 29" [_thread_blocked, id=11364, stack(0x00000000244f0000,0x00000000245f0000)]
  0x000000001a3a7000 JavaThread "jar transforms Thread 28" [_thread_blocked, id=1168, stack(0x00000000243f0000,0x00000000244f0000)]
  0x000000001a39c800 JavaThread "jar transforms Thread 27" [_thread_blocked, id=13236, stack(0x00000000242f0000,0x00000000243f0000)]
  0x000000001a3a3000 JavaThread "jar transforms Thread 26" [_thread_blocked, id=14164, stack(0x00000000241f0000,0x00000000242f0000)]
  0x000000001a39b800 JavaThread "jar transforms Thread 25" [_thread_blocked, id=2692, stack(0x00000000240f0000,0x00000000241f0000)]
  0x000000001a3a2800 JavaThread "jar transforms Thread 24" [_thread_blocked, id=21868, stack(0x0000000023ff0000,0x00000000240f0000)]
  0x000000001a3a1800 JavaThread "jar transforms Thread 23" [_thread_blocked, id=16056, stack(0x0000000023ef0000,0x0000000023ff0000)]
  0x000000001a3a1000 JavaThread "jar transforms Thread 22" [_thread_blocked, id=20800, stack(0x0000000023df0000,0x0000000023ef0000)]
  0x000000001a3a0000 JavaThread "jar transforms Thread 21" [_thread_blocked, id=8344, stack(0x0000000023cf0000,0x0000000023df0000)]
  0x000000001a39e800 JavaThread "jar transforms Thread 20" [_thread_blocked, id=4004, stack(0x0000000023bf0000,0x0000000023cf0000)]
  0x000000001a398800 JavaThread "jar transforms Thread 19" [_thread_blocked, id=22200, stack(0x0000000023af0000,0x0000000023bf0000)]
  0x000000001a39f800 JavaThread "jar transforms Thread 18" [_thread_blocked, id=4204, stack(0x00000000239f0000,0x0000000023af0000)]
  0x000000001a39a000 JavaThread "jar transforms Thread 17" [_thread_blocked, id=20420, stack(0x00000000238f0000,0x00000000239f0000)]
  0x000000001a39e000 JavaThread "jar transforms Thread 16" [_thread_blocked, id=9780, stack(0x00000000237f0000,0x00000000238f0000)]
  0x000000001a399800 JavaThread "jar transforms Thread 15" [_thread_blocked, id=8632, stack(0x00000000236f0000,0x00000000237f0000)]
  0x000000001a39b000 JavaThread "jar transforms Thread 14" [_thread_blocked, id=8940, stack(0x00000000235f0000,0x00000000236f0000)]
  0x000000001a39d000 JavaThread "jar transforms Thread 13" [_thread_blocked, id=18980, stack(0x00000000234f0000,0x00000000235f0000)]
  0x0000000019d07000 JavaThread "jar transforms Thread 12" [_thread_blocked, id=14760, stack(0x00000000233f0000,0x00000000234f0000)]
  0x0000000019d06800 JavaThread "jar transforms Thread 11" [_thread_blocked, id=16896, stack(0x00000000232f0000,0x00000000233f0000)]
  0x0000000019d0d000 JavaThread "jar transforms Thread 10" [_thread_blocked, id=13100, stack(0x00000000231f0000,0x00000000232f0000)]
  0x0000000019d0b800 JavaThread "jar transforms Thread 9" [_thread_blocked, id=9164, stack(0x00000000230f0000,0x00000000231f0000)]
  0x0000000019d0b000 JavaThread "jar transforms Thread 8" [_thread_blocked, id=5904, stack(0x0000000022ff0000,0x00000000230f0000)]
  0x0000000019d0a000 JavaThread "jar transforms Thread 7" [_thread_blocked, id=600, stack(0x0000000022ef0000,0x0000000022ff0000)]
  0x0000000019d0c800 JavaThread "jar transforms Thread 6" [_thread_blocked, id=12988, stack(0x0000000022df0000,0x0000000022ef0000)]
  0x0000000019d09800 JavaThread "jar transforms Thread 5" [_thread_blocked, id=15728, stack(0x0000000022cf0000,0x0000000022df0000)]
  0x0000000019d08800 JavaThread "jar transforms Thread 4" [_thread_blocked, id=19480, stack(0x0000000022bf0000,0x0000000022cf0000)]
  0x0000000019d05800 JavaThread "jar transforms Thread 3" [_thread_blocked, id=21744, stack(0x0000000022af0000,0x0000000022bf0000)]
  0x0000000019d08000 JavaThread "jar transforms Thread 2" [_thread_blocked, id=12436, stack(0x0000000022460000,0x0000000022560000)]
  0x0000000019cfe800 JavaThread "Build operations Thread 4" [_thread_blocked, id=13888, stack(0x0000000022880000,0x0000000022980000)]
  0x0000000019d02800 JavaThread "Build operations Thread 3" [_thread_blocked, id=14156, stack(0x0000000022780000,0x0000000022880000)]
  0x0000000019d00000 JavaThread "Build operations Thread 2" [_thread_blocked, id=17876, stack(0x0000000022680000,0x0000000022780000)]
  0x0000000019d03000 JavaThread "Build operations" [_thread_blocked, id=5348, stack(0x0000000022580000,0x0000000022680000)]
  0x000000001787e800 JavaThread "Cache worker for file content cache (C:\Users\Alex\.gradle\caches\6.5\fileContent)" [_thread_blocked, id=12340, stack(0x0000000021b50000,0x0000000021c50000)]
  0x000000001787e000 JavaThread "jar transforms" [_thread_blocked, id=16252, stack(0x0000000021a50000,0x0000000021b50000)]
  0x000000001787d000 JavaThread "Cache worker for execution history cache (C:\Users\Alex\.gradle\caches\6.5\executionHistory)" [_thread_blocked, id=7348, stack(0x0000000021350000,0x0000000021450000)]
  0x000000001787b800 JavaThread "Cache worker for cache directory md-rule (C:\Users\Alex\.gradle\caches\6.5\md-rule)" [_thread_blocked, id=22316, stack(0x0000000021250000,0x0000000021350000)]
  0x000000001787a000 JavaThread "Cache worker for cache directory md-supplier (C:\Users\Alex\.gradle\caches\6.5\md-supplier)" [_thread_blocked, id=21936, stack(0x000000001fdf0000,0x000000001fef0000)]
  0x000000001787b000 JavaThread "Cache worker for checksums cache (C:\MyNewProjects\AndroidNotesApp\.gradle\checksums)" [_thread_blocked, id=10728, stack(0x000000001fcf0000,0x000000001fdf0000)]
  0x000000001787f800 JavaThread "Cache worker for file hash cache (C:\MyNewProjects\AndroidNotesApp\.gradle\6.5\fileHashes)" [_thread_blocked, id=11112, stack(0x0000000021150000,0x0000000021250000)]
  0x0000000017881000 JavaThread "Cache worker for file hash cache (C:\Users\Alex\.gradle\caches\6.5\fileHashes)" [_thread_blocked, id=17632, stack(0x000000001d850000,0x000000001d950000)]
  0x0000000017880000 JavaThread "File lock request listener" [_thread_in_native, id=17968, stack(0x000000001d750000,0x000000001d850000)]
  0x000000001b6b2000 JavaThread "Cache worker for journal cache (C:\Users\Alex\.gradle\caches\journal-1)" [_thread_blocked, id=10084, stack(0x000000001d650000,0x000000001d750000)]
  0x000000001b5f0000 JavaThread "Thread-9" [_thread_blocked, id=7644, stack(0x000000001d350000,0x000000001d450000)]
  0x000000001b5ed800 JavaThread "Stdin handler" [_thread_blocked, id=8268, stack(0x000000001d250000,0x000000001d350000)]
  0x000000001b618000 JavaThread "Asynchronous log dispatcher for DefaultDaemonConnection: socket connection from /127.0.0.1:59776 to /127.0.0.1:59777" [_thread_blocked, id=10136, stack(0x000000001d150000,0x000000001d250000)]
  0x000000001b613800 JavaThread "Daemon worker" [_thread_blocked, id=17588, stack(0x000000001d050000,0x000000001d150000)]
  0x000000001b62f800 JavaThread "Cancel handler" [_thread_blocked, id=3372, stack(0x000000001cf50000,0x000000001d050000)]
  0x000000001b581800 JavaThread "Handler for socket connection from /127.0.0.1:59776 to /127.0.0.1:59777" [_thread_in_native, id=12348, stack(0x000000001ce50000,0x000000001cf50000)]
  0x000000001b56b800 JavaThread "Daemon" [_thread_blocked, id=18500, stack(0x000000001cd50000,0x000000001ce50000)]
  0x000000001b56b000 JavaThread "Daemon periodic checks" [_thread_blocked, id=16816, stack(0x000000001ca50000,0x000000001cb50000)]
  0x000000001b56f000 JavaThread "Incoming local TCP Connector on port 59776" [_thread_in_native, id=21128, stack(0x000000001c800000,0x000000001c900000)]
  0x000000001b4ff000 JavaThread "Daemon health stats" [_thread_blocked, id=22356, stack(0x000000001c1c0000,0x000000001c2c0000)]
  0x00000000191ec800 JavaThread "Service Thread" daemon [_thread_blocked, id=8592, stack(0x00000000195b0000,0x00000000196b0000)]
=>0x000000001787c800 JavaThread "C1 CompilerThread2" daemon [_thread_in_native, id=19780, stack(0x00000000190b0000,0x00000000191b0000)]
  0x000000001786c000 JavaThread "C2 CompilerThread1" daemon [_thread_in_native, id=14968, stack(0x0000000018fb0000,0x00000000190b0000)]
  0x0000000017862800 JavaThread "C2 CompilerThread0" daemon [_thread_in_native, id=17904, stack(0x0000000018eb0000,0x0000000018fb0000)]
  0x0000000017861800 JavaThread "Attach Listener" daemon [_thread_blocked, id=13384, stack(0x0000000018db0000,0x0000000018eb0000)]
  0x0000000017868000 JavaThread "Signal Dispatcher" daemon [_thread_blocked, id=3464, stack(0x0000000018cb0000,0x0000000018db0000)]
  0x0000000002c3e000 JavaThread "Finalizer" daemon [_thread_blocked, id=4084, stack(0x0000000018ab0000,0x0000000018bb0000)]
  0x0000000002c33000 JavaThread "Reference Handler" daemon [_thread_blocked, id=3284, stack(0x00000000189b0000,0x0000000018ab0000)]
  0x000000000121e800 JavaThread "main" [_thread_blocked, id=13716, stack(0x0000000002a40000,0x0000000002b40000)]

Other Threads:
  0x0000000017826000 VMThread [stack: 0x00000000188b0000,0x00000000189b0000] [id=11104]
  0x00000000191ed800 WatcherThread [stack: 0x00000000196b0000,0x00000000197b0000] [id=17548]

VM state:not at safepoint (normal execution)

VM Mutex/Monitor currently owned by a thread: None

heap address: 0x0000000080000000, size: 2048 MB, Compressed Oops mode: 32-bit
Narrow klass base: 0x0000000000000000, Narrow klass shift: 3
Compressed class space size: 1073741824 Address: 0x0000000100000000

Heap:
 PSYoungGen      total 340480K, used 212481K [0x00000000d5580000, 0x00000000f4000000, 0x0000000100000000)
  eden space 295936K, 71% used [0x00000000d5580000,0x00000000e2500428,0x00000000e7680000)
  from space 44544K, 0% used [0x00000000e7680000,0x00000000e7680000,0x00000000ea200000)
  to   space 48640K, 0% used [0x00000000f1080000,0x00000000f1080000,0x00000000f4000000)
 ParOldGen       total 314368K, used 87384K [0x0000000080000000, 0x0000000093300000, 0x00000000d5580000)
  object space 314368K, 27% used [0x0000000080000000,0x00000000855563d0,0x0000000093300000)
 Metaspace       used 102361K, capacity 107008K, committed 107304K, reserved 1142784K
  class space    used 13435K, capacity 14298K, committed 14376K, reserved 1048576K

Card table byte_map: [0x0000000012000000,0x0000000012410000] byte_map_base: 0x0000000011c00000

Marking Bits: (ParMarkBitMap*) 0x0000000061eaf030
 Begin Bits: [0x0000000012ac0000, 0x0000000014ac0000)
 End Bits:   [0x0000000014ac0000, 0x0000000016ac0000)

Polling page: 0x00000000009f0000

CodeCache: size=245760Kb used=42316Kb max_used=42316Kb free=203443Kb
 bounds [0x0000000002c40000, 0x00000000055c0000, 0x0000000011c40000]
 total_blobs=13765 nmethods=12869 adapters=807
 compilation: enabled

Compilation events (10 events):
Event: 27.872 Thread 0x000000001787c800 nmethod 15152 0x00000000055ba6d0 code [0x00000000055ba840, 0x00000000055baa30]
Event: 27.873 Thread 0x000000001787c800 15153       2       com.android.tools.r8.graph.h1::d (33 bytes)
Event: 27.873 Thread 0x000000001787c800 nmethod 15153 0x00000000055bab50 code [0x00000000055baca0, 0x00000000055bae10]
Event: 27.873 Thread 0x000000001787c800 15154       2       com.android.tools.r8.graph.h1::a (34 bytes)
Event: 27.873 Thread 0x000000001787c800 nmethod 15154 0x00000000055baf10 code [0x00000000055bb080, 0x00000000055bb270]
Event: 27.876 Thread 0x000000001787c800 15155       2       com.android.tools.r8.dex.n::h (23 bytes)
Event: 27.877 Thread 0x000000001787c800 nmethod 15155 0x00000000055bb390 code [0x00000000055bb500, 0x00000000055bb748]
Event: 27.877 Thread 0x000000001787c800 15156       2       com.android.tools.r8.graph.h1::a (34 bytes)
Event: 27.877 Thread 0x000000001787c800 nmethod 15156 0x00000000055bb890 code [0x00000000055bba00, 0x00000000055bbbf0]
Event: 27.881 Thread 0x000000001787c800 15157 %     3       com.android.tools.r8.dex.n::m @ 64 (2044 bytes)

GC Heap History (10 events):
Event: 14.884 GC heap before
{Heap before GC invocations=15 (full 3):
 PSYoungGen      total 230912K, used 230352K [0x00000000d5580000, 0x00000000e7c80000, 0x0000000100000000)
  eden space 210944K, 100% used [0x00000000d5580000,0x00000000e2380000,0x00000000e2380000)
  from space 19968K, 97% used [0x00000000e2380000,0x00000000e3674260,0x00000000e3700000)
  to   space 22528K, 0% used [0x00000000e6680000,0x00000000e6680000,0x00000000e7c80000)
 ParOldGen       total 212480K, used 33795K [0x0000000080000000, 0x000000008cf80000, 0x00000000d5580000)
  object space 212480K, 15% used [0x0000000080000000,0x0000000082100d98,0x000000008cf80000)
 Metaspace       used 71490K, capacity 74584K, committed 74920K, reserved 1114112K
  class space    used 9706K, capacity 10321K, committed 10408K, reserved 1048576K
Event: 14.909 GC heap after
Heap after GC invocations=15 (full 3):
 PSYoungGen      total 274944K, used 22500K [0x00000000d5580000, 0x00000000e8280000, 0x0000000100000000)
  eden space 252416K, 0% used [0x00000000d5580000,0x00000000d5580000,0x00000000e4c00000)
  from space 22528K, 99% used [0x00000000e6680000,0x00000000e7c79298,0x00000000e7c80000)
  to   space 27136K, 0% used [0x00000000e4c00000,0x00000000e4c00000,0x00000000e6680000)
 ParOldGen       total 212480K, used 39209K [0x0000000080000000, 0x000000008cf80000, 0x00000000d5580000)
  object space 212480K, 18% used [0x0000000080000000,0x000000008264a4a0,0x000000008cf80000)
 Metaspace       used 71490K, capacity 74584K, committed 74920K, reserved 1114112K
  class space    used 9706K, capacity 10321K, committed 10408K, reserved 1048576K
}
Event: 18.110 GC heap before
{Heap before GC invocations=16 (full 3):
 PSYoungGen      total 274944K, used 274916K [0x00000000d5580000, 0x00000000e8280000, 0x0000000100000000)
  eden space 252416K, 100% used [0x00000000d5580000,0x00000000e4c00000,0x00000000e4c00000)
  from space 22528K, 99% used [0x00000000e6680000,0x00000000e7c79298,0x00000000e7c80000)
  to   space 27136K, 0% used [0x00000000e4c00000,0x00000000e4c00000,0x00000000e6680000)
 ParOldGen       total 212480K, used 39209K [0x0000000080000000, 0x000000008cf80000, 0x00000000d5580000)
  object space 212480K, 18% used [0x0000000080000000,0x000000008264a4a0,0x000000008cf80000)
 Metaspace       used 85940K, capacity 89316K, committed 89640K, reserved 1126400K
  class space    used 11306K, capacity 11955K, committed 12072K, reserved 1048576K
Event: 18.151 GC heap after
Heap after GC invocations=16 (full 3):
 PSYoungGen      total 279552K, used 27121K [0x00000000d5580000, 0x00000000ec800000, 0x0000000100000000)
  eden space 252416K, 0% used [0x00000000d5580000,0x00000000d5580000,0x00000000e4c00000)
  from space 27136K, 99% used [0x00000000e4c00000,0x00000000e667c7c0,0x00000000e6680000)
  to   space 38912K, 0% used [0x00000000ea200000,0x00000000ea200000,0x00000000ec800000)
 ParOldGen       total 212480K, used 60448K [0x0000000080000000, 0x000000008cf80000, 0x00000000d5580000)
  object space 212480K, 28% used [0x0000000080000000,0x0000000083b08168,0x000000008cf80000)
 Metaspace       used 85940K, capacity 89316K, committed 89640K, reserved 1126400K
  class space    used 11306K, capacity 11955K, committed 12072K, reserved 1048576K
}
Event: 24.501 GC heap before
{Heap before GC invocations=17 (full 3):
 PSYoungGen      total 279552K, used 279537K [0x00000000d5580000, 0x00000000ec800000, 0x0000000100000000)
  eden space 252416K, 100% used [0x00000000d5580000,0x00000000e4c00000,0x00000000e4c00000)
  from space 27136K, 99% used [0x00000000e4c00000,0x00000000e667c7c0,0x00000000e6680000)
  to   space 38912K, 0% used [0x00000000ea200000,0x00000000ea200000,0x00000000ec800000)
 ParOldGen       total 212480K, used 60448K [0x0000000080000000, 0x000000008cf80000, 0x00000000d5580000)
  object space 212480K, 28% used [0x0000000080000000,0x0000000083b08168,0x000000008cf80000)
 Metaspace       used 93405K, capacity 97304K, committed 97576K, reserved 1134592K
  class space    used 12232K, capacity 12970K, committed 13096K, reserved 1048576K
Event: 24.576 GC heap after
Heap after GC invocations=17 (full 3):
 PSYoungGen      total 334848K, used 38776K [0x00000000d5580000, 0x00000000ed100000, 0x0000000100000000)
  eden space 295936K, 0% used [0x00000000d5580000,0x00000000d5580000,0x00000000e7680000)
  from space 38912K, 99% used [0x00000000ea200000,0x00000000ec7de3b0,0x00000000ec800000)
  to   space 44544K, 0% used [0x00000000e7680000,0x00000000e7680000,0x00000000ea200000)
 ParOldGen       total 212480K, used 77391K [0x0000000080000000, 0x000000008cf80000, 0x00000000d5580000)
  object space 212480K, 36% used [0x0000000080000000,0x0000000084b93e68,0x000000008cf80000)
 Metaspace       used 93405K, capacity 97304K, committed 97576K, reserved 1134592K
  class space    used 12232K, capacity 12970K, committed 13096K, reserved 1048576K
}
Event: 24.752 GC heap before
{Heap before GC invocations=18 (full 3):
 PSYoungGen      total 334848K, used 54638K [0x00000000d5580000, 0x00000000ed100000, 0x0000000100000000)
  eden space 295936K, 5% used [0x00000000d5580000,0x00000000d64fd778,0x00000000e7680000)
  from space 38912K, 99% used [0x00000000ea200000,0x00000000ec7de3b0,0x00000000ec800000)
  to   space 44544K, 0% used [0x00000000e7680000,0x00000000e7680000,0x00000000ea200000)
 ParOldGen       total 212480K, used 77391K [0x0000000080000000, 0x000000008cf80000, 0x00000000d5580000)
  object space 212480K, 36% used [0x0000000080000000,0x0000000084b93e68,0x000000008cf80000)
 Metaspace       used 94550K, capacity 98540K, committed 98600K, reserved 1134592K
  class space    used 12398K, capacity 13174K, committed 13224K, reserved 1048576K
Event: 24.787 GC heap after
Heap after GC invocations=18 (full 3):
 PSYoungGen      total 340480K, used 36342K [0x00000000d5580000, 0x00000000f4000000, 0x0000000100000000)
  eden space 295936K, 0% used [0x00000000d5580000,0x00000000d5580000,0x00000000e7680000)
  from space 44544K, 81% used [0x00000000e7680000,0x00000000e99fd8b8,0x00000000ea200000)
  to   space 48640K, 0% used [0x00000000f1080000,0x00000000f1080000,0x00000000f4000000)
 ParOldGen       total 212480K, used 77391K [0x0000000080000000, 0x000000008cf80000, 0x00000000d5580000)
  object space 212480K, 36% used [0x0000000080000000,0x0000000084b93e68,0x000000008cf80000)
 Metaspace       used 94550K, capacity 98540K, committed 98600K, reserved 1134592K
  class space    used 12398K, capacity 13174K, committed 13224K, reserved 1048576K
}
Event: 24.787 GC heap before
{Heap before GC invocations=19 (full 4):
 PSYoungGen      total 340480K, used 36342K [0x00000000d5580000, 0x00000000f4000000, 0x0000000100000000)
  eden space 295936K, 0% used [0x00000000d5580000,0x00000000d5580000,0x00000000e7680000)
  from space 44544K, 81% used [0x00000000e7680000,0x00000000e99fd8b8,0x00000000ea200000)
  to   space 48640K, 0% used [0x00000000f1080000,0x00000000f1080000,0x00000000f4000000)
 ParOldGen       total 212480K, used 77391K [0x0000000080000000, 0x000000008cf80000, 0x00000000d5580000)
  object space 212480K, 36% used [0x0000000080000000,0x0000000084b93e68,0x000000008cf80000)
 Metaspace       used 94550K, capacity 98540K, committed 98600K, reserved 1134592K
  class space    used 12398K, capacity 13174K, committed 13224K, reserved 1048576K
Event: 25.070 GC heap after
Heap after GC invocations=19 (full 4):
 PSYoungGen      total 340480K, used 0K [0x00000000d5580000, 0x00000000f4000000, 0x0000000100000000)
  eden space 295936K, 0% used [0x00000000d5580000,0x00000000d5580000,0x00000000e7680000)
  from space 44544K, 0% used [0x00000000e7680000,0x00000000e7680000,0x00000000ea200000)
  to   space 48640K, 0% used [0x00000000f1080000,0x00000000f1080000,0x00000000f4000000)
 ParOldGen       total 314368K, used 87384K [0x0000000080000000, 0x0000000093300000, 0x00000000d5580000)
  object space 314368K, 27% used [0x0000000080000000,0x00000000855563d0,0x0000000093300000)
 Metaspace       used 94396K, capacity 98090K, committed 98600K, reserved 1134592K
  class space    used 12349K, capacity 13087K, committed 13224K, reserved 1048576K
}

Deoptimization events (10 events):
Event: 27.185 Thread 0x000000001bdd7800 Uncommon trap: reason=class_check action=maybe_recompile pc=0x00000000053d8aa4 method=com.android.tools.build.apkzlib.zip.CentralDirectoryHeader.getCompressionInfoWithWait()Lcom/android/tools/build/apkzlib/zip/CentralDirectoryHeaderCompressInfo; @ 4
Event: 27.185 Thread 0x000000001bdd7800 Uncommon trap: reason=unstable_if action=reinterpret pc=0x00000000046de1d4 method=com.android.tools.build.apkzlib.zip.ExtraField.size()I @ 4
Event: 27.185 Thread 0x000000001bdd7800 Uncommon trap: reason=class_check action=maybe_recompile pc=0x0000000004b951d0 method=com.android.tools.build.apkzlib.zip.CentralDirectoryHeader.getCompressionInfoWithWait()Lcom/android/tools/build/apkzlib/zip/CentralDirectoryHeaderCompressInfo; @ 4
Event: 27.189 Thread 0x000000001bdd7800 Uncommon trap: reason=class_check action=maybe_recompile pc=0x00000000053d8aa4 method=com.android.tools.build.apkzlib.zip.CentralDirectoryHeader.getCompressionInfoWithWait()Lcom/android/tools/build/apkzlib/zip/CentralDirectoryHeaderCompressInfo; @ 4
Event: 27.403 Thread 0x000000001bdd7800 Uncommon trap: reason=class_check action=maybe_recompile pc=0x0000000004b951d0 method=com.android.tools.build.apkzlib.zip.CentralDirectoryHeader.getCompressionInfoWithWait()Lcom/android/tools/build/apkzlib/zip/CentralDirectoryHeaderCompressInfo; @ 4
Event: 27.786 Thread 0x000000001bdcd800 Uncommon trap: reason=unstable_if action=reinterpret pc=0x0000000003642f28 method=java.lang.AbstractStringBuilder.append(I)Ljava/lang/AbstractStringBuilder; @ 16
Event: 27.786 Thread 0x000000001bdcd800 Uncommon trap: reason=unstable_if action=reinterpret pc=0x0000000004cac89c method=java.lang.Integer.getChars(II[C)V @ 7
Event: 27.795 Thread 0x000000001bdcd000 Uncommon trap: reason=bimorphic action=maybe_recompile pc=0x000000000489b330 method=java.util.Collections.indexedBinarySearch(Ljava/util/List;Ljava/lang/Object;)I @ 39
Event: 27.795 Thread 0x000000001bdcd000 Uncommon trap: reason=bimorphic action=maybe_recompile pc=0x000000000489b330 method=java.util.Collections.indexedBinarySearch(Ljava/util/List;Ljava/lang/Object;)I @ 39
Event: 27.868 Thread 0x0000000019f38800 Uncommon trap: reason=unstable_if action=reinterpret pc=0x0000000005238e04 method=com.android.tools.r8.graph.i0.a([C)I @ 29

Classes redefined (0 events):
No events

Internal exceptions (10 events):
Event: 26.245 Thread 0x0000000019f38800 Exception <a 'sun/nio/fs/WindowsException'> (0x00000000da667380) thrown at [C:\src\AOSP-openjdk-git\hotspot\src\share\vm\prims\jni.cpp, line 710]
Event: 26.277 Thread 0x0000000019f35800 Exception <a 'sun/nio/fs/WindowsException'> (0x00000000da3600b8) thrown at [C:\src\AOSP-openjdk-git\hotspot\src\share\vm\prims\jni.cpp, line 710]
Event: 26.381 Thread 0x0000000019f38800 Exception <a 'sun/nio/fs/WindowsException'> (0x00000000da672738) thrown at [C:\src\AOSP-openjdk-git\hotspot\src\share\vm\prims\jni.cpp, line 710]
Event: 26.558 Thread 0x0000000019f38800 Exception <a 'sun/nio/fs/WindowsException'> (0x00000000da67b420) thrown at [C:\src\AOSP-openjdk-git\hotspot\src\share\vm\prims\jni.cpp, line 710]
Event: 26.802 Thread 0x0000000019f38800 Exception <a 'sun/nio/fs/WindowsException'> (0x00000000da681d68) thrown at [C:\src\AOSP-openjdk-git\hotspot\src\share\vm\prims\jni.cpp, line 710]
Event: 26.950 Thread 0x0000000019f38800 Exception <a 'sun/nio/fs/WindowsException'> (0x00000000deac1fd0) thrown at [C:\src\AOSP-openjdk-git\hotspot\src\share\vm\prims\jni.cpp, line 710]
Event: 27.080 Thread 0x0000000019f38800 Exception <a 'sun/nio/fs/WindowsException'> (0x00000000deacb1f8) thrown at [C:\src\AOSP-openjdk-git\hotspot\src\share\vm\prims\jni.cpp, line 710]
Event: 27.185 Thread 0x000000001bdd7800 Implicit null exception at 0x00000000046de1b0 to 0x00000000046de1c0
Event: 27.788 Thread 0x000000001bdcd800 Exception <a 'java/lang/NoSuchMethodError': <clinit>> (0x00000000e1b2f4b0) thrown at [C:\src\AOSP-openjdk-git\hotspot\src\share\vm\prims\jni.cpp, line 1615]
Event: 27.846 Thread 0x0000000019f38800 Exception <a 'sun/nio/fs/WindowsException'> (0x00000000e1c969a0) thrown at [C:\src\AOSP-openjdk-git\hotspot\src\share\vm\prims\jni.cpp, line 710]

Events (10 events):
Event: 27.866 loading class com/android/tools/r8/dex/d done
Event: 27.867 loading class com/android/tools/r8/graph/k0
Event: 27.867 loading class com/android/tools/r8/graph/k0 done
Event: 27.867 loading class com/android/tools/r8/graph/k0
Event: 27.867 loading class com/android/tools/r8/graph/k0 done
Event: 27.867 loading class com/android/tools/r8/dex/n
Event: 27.867 loading class com/android/tools/r8/dex/n done
Event: 27.868 Thread 0x0000000019f38800 Uncommon trap: trap_request=0xffffff65 fr.pc=0x0000000005238e04
Event: 27.868 Thread 0x0000000019f38800 DEOPT PACKING pc=0x0000000005238e04 sp=0x00000000300cd8e0
Event: 27.868 Thread 0x0000000019f38800 DEOPT UNPACKING pc=0x0000000002c8557b sp=0x00000000300cd878 mode 2


Dynamic libraries:
0x00007ff7026e0000 - 0x00007ff702711000 	C:\Program Files\Android\Android Studio\jre\bin\java.exe
0x00007ffbb88e0000 - 0x00007ffbb8ad0000 	C:\Windows\SYSTEM32\ntdll.dll
0x00007ffbb7b70000 - 0x00007ffbb7c22000 	C:\Windows\System32\KERNEL32.DLL
0x00007ffbb62b0000 - 0x00007ffbb6553000 	C:\Windows\System32\KERNELBASE.dll
0x00007ffbb7190000 - 0x00007ffbb7233000 	C:\Windows\System32\ADVAPI32.dll
0x00007ffbb7320000 - 0x00007ffbb73be000 	C:\Windows\System32\msvcrt.dll
0x00007ffbb6a10000 - 0x00007ffbb6aa7000 	C:\Windows\System32\sechost.dll
0x00007ffbb8780000 - 0x00007ffbb88a0000 	C:\Windows\System32\RPCRT4.dll
0x00007ffbb7c60000 - 0x00007ffbb7df4000 	C:\Windows\System32\USER32.dll
0x00007ffbb5910000 - 0x00007ffbb5931000 	C:\Windows\System32\win32u.dll
0x00007ffbb7c30000 - 0x00007ffbb7c56000 	C:\Windows\System32\GDI32.dll
0x00007ffbb6560000 - 0x00007ffbb66f4000 	C:\Windows\System32\gdi32full.dll
0x00007ffbb5870000 - 0x00007ffbb590e000 	C:\Windows\System32\msvcp_win.dll
0x00007ffbb6890000 - 0x00007ffbb698a000 	C:\Windows\System32\ucrtbase.dll
0x00007ffba4510000 - 0x00007ffba4795000 	C:\Windows\WinSxS\amd64_microsoft.windows.common-controls_6595b64144ccf1df_6.0.18362.778_none_e6c6b761130d4fb8\COMCTL32.dll
0x00007ffbb7830000 - 0x00007ffbb7b66000 	C:\Windows\System32\combase.dll
0x00007ffbb5960000 - 0x00007ffbb59e0000 	C:\Windows\System32\bcryptPrimitives.dll
0x00007ffbb70b0000 - 0x00007ffbb70de000 	C:\Windows\System32\IMM32.DLL
0x0000000061600000 - 0x00000000616d2000 	C:\Program Files\Android\Android Studio\jre\jre\bin\msvcr100.dll
0x00000000616e0000 - 0x0000000061f2b000 	C:\Program Files\Android\Android Studio\jre\jre\bin\server\jvm.dll
0x00007ffbb6e20000 - 0x00007ffbb6e28000 	C:\Windows\System32\PSAPI.DLL
0x00007ffb906d0000 - 0x00007ffb906d9000 	C:\Windows\SYSTEM32\WSOCK32.dll
0x00007ffbb1f90000 - 0x00007ffbb1fb4000 	C:\Windows\SYSTEM32\WINMM.dll
0x00007ffba74c0000 - 0x00007ffba74ca000 	C:\Windows\SYSTEM32\VERSION.dll
0x00007ffbb7250000 - 0x00007ffbb72bf000 	C:\Windows\System32\WS2_32.dll
0x00007ffbb1f40000 - 0x00007ffbb1f6d000 	C:\Windows\SYSTEM32\winmmbase.dll
0x00007ffbb6730000 - 0x00007ffbb677a000 	C:\Windows\System32\cfgmgr32.dll
0x00007ffbb1780000 - 0x00007ffbb178f000 	C:\Program Files\Android\Android Studio\jre\jre\bin\verify.dll
0x00007ffba6100000 - 0x00007ffba6129000 	C:\Program Files\Android\Android Studio\jre\jre\bin\java.dll
0x00007ffba5fb0000 - 0x00007ffba5fc6000 	C:\Program Files\Android\Android Studio\jre\jre\bin\zip.dll
0x00007ffbb8090000 - 0x00007ffbb8775000 	C:\Windows\System32\SHELL32.dll
0x00007ffbb7000000 - 0x00007ffbb70a9000 	C:\Windows\System32\shcore.dll
0x00007ffbb5b30000 - 0x00007ffbb62b0000 	C:\Windows\System32\windows.storage.dll
0x00007ffbb57b0000 - 0x00007ffbb57d3000 	C:\Windows\System32\profapi.dll
0x00007ffbb5820000 - 0x00007ffbb586a000 	C:\Windows\System32\powrprof.dll
0x00007ffbb57a0000 - 0x00007ffbb57b0000 	C:\Windows\System32\UMPDC.dll
0x00007ffbb72c0000 - 0x00007ffbb7312000 	C:\Windows\System32\shlwapi.dll
0x00007ffbb57e0000 - 0x00007ffbb57f1000 	C:\Windows\System32\kernel.appcore.dll
0x00007ffbb5940000 - 0x00007ffbb5957000 	C:\Windows\System32\cryptsp.dll
0x00007ffb9e210000 - 0x00007ffb9e22a000 	C:\Program Files\Android\Android Studio\jre\jre\bin\net.dll
0x00007ffbb5010000 - 0x00007ffbb5077000 	C:\Windows\system32\mswsock.dll
0x00007ffb9e1f0000 - 0x00007ffb9e203000 	C:\Program Files\Android\Android Studio\jre\jre\bin\nio.dll
0x00007ffb88d10000 - 0x00007ffb88d37000 	C:\Users\Alex\.gradle\native\f6784746aeab05261644944871eae4fe03e0ef1612fff0a4a95f87b438bc6780\windows-amd64\native-platform.dll
0x00007ffbab3d0000 - 0x00007ffbab3dd000 	C:\Program Files\Android\Android Studio\jre\jre\bin\management.dll
0x00007ffbb4b80000 - 0x00007ffbb4bb3000 	C:\Windows\system32\rsaenh.dll
0x00007ffbb6700000 - 0x00007ffbb6726000 	C:\Windows\System32\bcrypt.dll
0x00007ffbb56c0000 - 0x00007ffbb56e5000 	C:\Windows\SYSTEM32\USERENV.dll
0x00007ffbb51e0000 - 0x00007ffbb51ec000 	C:\Windows\SYSTEM32\CRYPTBASE.dll
0x00007ffbb4d20000 - 0x00007ffbb4d5a000 	C:\Windows\SYSTEM32\IPHLPAPI.DLL
0x00007ffbb7fb0000 - 0x00007ffbb7fb8000 	C:\Windows\System32\NSI.dll
0x00007ffba76f0000 - 0x00007ffba7706000 	C:\Windows\SYSTEM32\dhcpcsvc6.DLL
0x00007ffba79a0000 - 0x00007ffba79bc000 	C:\Windows\SYSTEM32\dhcpcsvc.DLL
0x00007ffbb4d70000 - 0x00007ffbb4e3a000 	C:\Windows\SYSTEM32\DNSAPI.dll
0x00007ffba7bd0000 - 0x00007ffba7bdb000 	C:\Windows\SYSTEM32\WINNSI.DLL
0x0000000066e00000 - 0x0000000066f03000 	C:\Users\Alex\AppData\Local\Temp\sqlite-3.25.2-56a2480e-2bd1-4e0a-9c2b-0588248c7277-sqlitejdbc.dll

VM Arguments:
jvm_args: -Xmx2048m -Dfile.encoding=UTF-8 -Duser.country=RU -Duser.language=ru -Duser.variant 
java_command: org.gradle.launcher.daemon.bootstrap.GradleDaemon 6.5
java_class_path (initial): C:\Users\Alex\.gradle\wrapper\dists\gradle-6.5-all\2oz4ud9k3tuxjg84bbf55q0tn\gradle-6.5\lib\gradle-launcher-6.5.jar
Launcher Type: SUN_STANDARD

Environment Variables:
PATH=C:\Program Files\Common Files\Oracle\Java\javapath;C:\Windows\system32;C:\Windows;C:\Windows\System32\Wbem;C:\Windows\System32\WindowsPowerShell\v1.0\;C:\Program Files (x86)\NVIDIA Corporation\PhysX\Common;C:\Program Files\dotnet\;C:\Program Files\Microsoft SQL Server\130\Tools\Binn\;C:\Program Files\Microsoft SQL Server\Client SDK\ODBC\170\Tools\Binn\;C:\Program Files\Intel\WiFi\bin\;C:\Program Files\Common Files\Intel\WirelessCommon\;C:\Program Files (x86)\Microsoft SQL Server\150\Tools\Binn\;C:\Program Files\Microsoft SQL Server\150\Tools\Binn\;C:\Program Files\Microsoft SQL Server\150\DTS\Binn\;C:\Program Files (x86)\Microsoft SQL Server\150\DTS\Binn\;C:\Program Files (x86)\Common Files\Acronis\SnapAPI\;C:\Program Files\Java\jdk-11.0.9\bin;C:\Program Files\Git\cmd;C:\Program Files\PuTTY\;C:\Users\Alex\AppData\Local\Microsoft\WindowsApps;
USERNAME=Alex
OS=Windows_NT
PROCESSOR_IDENTIFIER=Intel64 Family 6 Model 142 Stepping 9, GenuineIntel



---------------  S Y S T E M  ---------------

OS: Windows 10.0 , 64 bit Build 18362 (10.0.18362.778)

CPU:total 4 (initial active 4) (2 cores per cpu, 2 threads per core) family 6 model 142 stepping 9, cmov, cx8, fxsr, mmx, sse, sse2, sse3, ssse3, sse4.1, sse4.2, popcnt, avx, avx2, aes, clmul, erms, 3dnowpref, lzcnt, ht, tsc, tscinvbit, bmi1, bmi2, adx

Memory: 4k page, physical 16648932k(169696k free), swap 22940388k(4804k free)

vm_info: OpenJDK 64-Bit Server VM (25.242-b01) for windows-amd64 JRE (1.8.0_242-release-1644-b01), built by "builder" with MS VC++ 10.0 (VS2010)

time: Sun Apr 11 17:53:38 2021
timezone: RTZ 2 (зима)
elapsed time: 27 seconds (0d 0h 0m 27s)

