#
# There is insufficient memory for the Java Runtime Environment to continue.
# Native memory allocation (malloc) failed to allocate 1670736 bytes for Chunk::new
# Possible reasons:
#   The system is out of physical RAM or swap space
#   The process is running with CompressedOops enabled, and the Java Heap may be blocking the growth of the native heap
# Possible solutions:
#   Reduce memory load on the system
#   Increase physical memory or swap space
#   Check if swap backing store is full
#   Decrease Java heap size (-Xmx/-Xms)
#   Decrease number of Java threads
#   Decrease Java thread stack sizes (-Xss)
#   Set larger code cache with -XX:ReservedCodeCacheSize=
#   JVM is running with Unscaled Compressed Oops mode in which the Java heap is
#     placed in the first 4GB address space. The Java Heap base address is the
#     maximum limit for the native heap growth. Please use -XX:HeapBaseMinAddress
#     to set the Java Heap base and to place the Java Heap above 4GB virtual address.
# This output file may be truncated or incomplete.
#
#  Out of Memory Error (allocation.cpp:389), pid=14280, tid=0x0000000000004dd8
#
# JRE version: OpenJDK Runtime Environment (8.0_242-b01) (build 1.8.0_242-release-1644-b01)
# Java VM: OpenJDK 64-Bit Server VM (25.242-b01 mixed mode windows-amd64 compressed oops)
# Failed to write core dump. Minidumps are not enabled by default on client versions of Windows
#

---------------  T H R E A D  ---------------

Current thread (0x0000000017942800):  JavaThread "C2 CompilerThread0" daemon [_thread_in_native, id=19928, stack(0x0000000018f90000,0x0000000019090000)]

Stack: [0x0000000018f90000,0x0000000019090000]
[error occurred during error reporting (printing stack bounds), id 0xc0000005]

Native frames: (J=compiled Java code, j=interpreted, Vv=VM code, C=native code)


Current CompileTask:
C2: 386855 24581       4       com.android.tools.r8.ir.optimize.r::a (466 bytes)


---------------  P R O C E S S  ---------------

Java Threads: ( => current thread )
  0x000000001a459000 JavaThread "stdout" [_thread_in_native, id=9920, stack(0x00000000323c0000,0x00000000324c0000)]
  0x000000001a45a800 JavaThread "stderr" [_thread_in_native, id=2080, stack(0x00000000322c0000,0x00000000323c0000)]
  0x000000001a45c000 JavaThread "stdout" [_thread_in_native, id=10740, stack(0x00000000321c0000,0x00000000322c0000)]
  0x000000001a459800 JavaThread "stderr" [_thread_in_native, id=10668, stack(0x00000000319c0000,0x0000000031ac0000)]
  0x000000001a458000 JavaThread "stdout" [_thread_in_native, id=14752, stack(0x0000000031c80000,0x0000000031d80000)]
  0x000000001a455000 JavaThread "stderr" [_thread_in_native, id=3716, stack(0x0000000031b80000,0x0000000031c80000)]
  0x000000001ad3f800 JavaThread "stdout" [_thread_in_native, id=1168, stack(0x0000000031560000,0x0000000031660000)]
  0x0000000019e9f800 JavaThread "stderr" [_thread_in_native, id=6136, stack(0x0000000031460000,0x0000000031560000)]
  0x0000000019e92800 JavaThread "pool-9-thread-1" [_thread_blocked, id=2024, stack(0x0000000031160000,0x0000000031260000)]
  0x0000000019e96800 JavaThread "WorkerExecutor Queue Thread 2" [_thread_in_native, id=10764, stack(0x0000000030a40000,0x0000000030b40000)]
  0x000000001ef28800 JavaThread "Cache worker for execution history cache (C:\MyNewProjects\AndroidNotesApp\.gradle\6.5\executionHistory)" [_thread_blocked, id=19468, stack(0x0000000030840000,0x0000000030940000)]
  0x000000001ef1c800 JavaThread "Execution worker for ':' Thread 3" [_thread_blocked, id=16512, stack(0x0000000030740000,0x0000000030840000)]
  0x000000001ef1f000 JavaThread "Execution worker for ':' Thread 2" [_thread_in_Java, id=18116, stack(0x0000000022810000,0x0000000022910000)]
  0x000000001ef22800 JavaThread "Execution worker for ':'" [_thread_blocked, id=13360, stack(0x0000000022710000,0x0000000022810000)]
  0x000000001ef1e000 JavaThread "Cache worker for file content cache (C:\MyNewProjects\AndroidNotesApp\.gradle\6.5\fileContent)" [_thread_blocked, id=2436, stack(0x0000000024d60000,0x0000000024e60000)]
  0x000000001ef21000 JavaThread "Cache worker for Build Output Cleanup Cache (C:\MyNewProjects\AndroidNotesApp\.gradle\buildOutputCleanup)" [_thread_blocked, id=9492, stack(0x0000000030640000,0x0000000030740000)]
  0x000000001ef20800 JavaThread "Build operations Thread 4" [_thread_in_Java, id=1652, stack(0x0000000030540000,0x0000000030640000)]
  0x0000000020312800 JavaThread "Build operations Thread 3" [_thread_in_Java, id=10816, stack(0x000000002d430000,0x000000002d530000)]
  0x0000000020313000 JavaThread "Build operations Thread 2" [_thread_blocked, id=17044, stack(0x0000000023620000,0x0000000023720000)]
  0x0000000020311800 JavaThread "Build operations" [_thread_blocked, id=17504, stack(0x0000000023110000,0x0000000023210000)]
  0x0000000020311000 JavaThread "Cache worker for cache directory md-rule (C:\Users\Alex\.gradle\caches\6.5\md-rule)" [_thread_blocked, id=18000, stack(0x000000001d9c0000,0x000000001dac0000)]
  0x0000000020309800 JavaThread "Cache worker for cache directory md-supplier (C:\Users\Alex\.gradle\caches\6.5\md-supplier)" [_thread_blocked, id=1572, stack(0x000000001d3c0000,0x000000001d4c0000)]
  0x0000000020310000 JavaThread "Cache worker for checksums cache (C:\MyNewProjects\AndroidNotesApp\.gradle\checksums)" [_thread_blocked, id=8656, stack(0x000000001d2c0000,0x000000001d3c0000)]
  0x0000000020308800 JavaThread "Cache worker for file hash cache (C:\MyNewProjects\AndroidNotesApp\.gradle\6.5\fileHashes)" [_thread_blocked, id=19720, stack(0x000000001d1c0000,0x000000001d2c0000)]
  0x000000002030f800 JavaThread "Thread-413" [_thread_blocked, id=18280, stack(0x000000001d0c0000,0x000000001d1c0000)]
  0x000000002030e000 JavaThread "Stdin handler" [_thread_blocked, id=13532, stack(0x000000001cfc0000,0x000000001d0c0000)]
  0x000000002030d000 JavaThread "Asynchronous log dispatcher for DefaultDaemonConnection: socket connection from /127.0.0.1:55652 to /127.0.0.1:55942" [_thread_blocked, id=5844, stack(0x000000001cec0000,0x000000001cfc0000)]
  0x000000002030c800 JavaThread "Cancel handler" [_thread_blocked, id=9076, stack(0x000000001c770000,0x000000001c870000)]
  0x000000002030e800 JavaThread "Handler for socket connection from /127.0.0.1:55652 to /127.0.0.1:55942" [_thread_in_native, id=10480, stack(0x000000001c670000,0x000000001c770000)]
  0x0000000020305000 JavaThread "jar transforms Thread 339" [_thread_blocked, id=17104, stack(0x0000000030240000,0x0000000030340000)]
  0x000000002030b800 JavaThread "jar transforms Thread 338" [_thread_blocked, id=16308, stack(0x0000000030140000,0x0000000030240000)]
  0x000000002030a000 JavaThread "jar transforms Thread 337" [_thread_blocked, id=19436, stack(0x000000002edc0000,0x000000002eec0000)]
  0x0000000020308000 JavaThread "jar transforms Thread 336" [_thread_blocked, id=19480, stack(0x000000002e8c0000,0x000000002e9c0000)]
  0x0000000020304000 JavaThread "jar transforms Thread 335" [_thread_blocked, id=17092, stack(0x000000002dbc0000,0x000000002dcc0000)]
  0x0000000020307000 JavaThread "jar transforms Thread 334" [_thread_blocked, id=8124, stack(0x000000002aed0000,0x000000002afd0000)]
  0x000000002030b000 JavaThread "jar transforms Thread 333" [_thread_blocked, id=15660, stack(0x000000002add0000,0x000000002aed0000)]
  0x0000000020305800 JavaThread "jar transforms Thread 332" [_thread_blocked, id=16340, stack(0x000000002acd0000,0x000000002add0000)]
  0x0000000020306800 JavaThread "jar transforms Thread 331" [_thread_blocked, id=18572, stack(0x000000002abd0000,0x000000002acd0000)]
  0x0000000019e8c000 JavaThread "jar transforms Thread 330" [_thread_blocked, id=15464, stack(0x000000002aad0000,0x000000002abd0000)]
  0x0000000019e8b800 JavaThread "jar transforms Thread 329" [_thread_blocked, id=1152, stack(0x000000002a9d0000,0x000000002aad0000)]
  0x0000000019e91800 JavaThread "jar transforms Thread 328" [_thread_blocked, id=20840, stack(0x000000002a8d0000,0x000000002a9d0000)]
  0x0000000019e90800 JavaThread "jar transforms Thread 327" [_thread_blocked, id=20268, stack(0x000000002a7d0000,0x000000002a8d0000)]
  0x0000000019e8f000 JavaThread "jar transforms Thread 326" [_thread_blocked, id=21684, stack(0x000000002a6d0000,0x000000002a7d0000)]
  0x0000000019e8d000 JavaThread "jar transforms Thread 325" [_thread_blocked, id=17020, stack(0x000000002a5d0000,0x000000002a6d0000)]
  0x0000000019e90000 JavaThread "jar transforms Thread 324" [_thread_blocked, id=18612, stack(0x000000002a4d0000,0x000000002a5d0000)]
  0x0000000019e8d800 JavaThread "jar transforms Thread 323" [_thread_blocked, id=15124, stack(0x000000002a3d0000,0x000000002a4d0000)]
  0x0000000019e8e800 JavaThread "jar transforms Thread 322" [_thread_blocked, id=9380, stack(0x000000002a2d0000,0x000000002a3d0000)]
  0x0000000019e8a800 JavaThread "jar transforms Thread 321" [_thread_blocked, id=13860, stack(0x000000002a1d0000,0x000000002a2d0000)]
  0x000000001b58c000 JavaThread "jar transforms Thread 320" [_thread_blocked, id=2200, stack(0x000000002a0d0000,0x000000002a1d0000)]
  0x000000001b58b000 JavaThread "jar transforms Thread 319" [_thread_blocked, id=9612, stack(0x0000000029fd0000,0x000000002a0d0000)]
  0x000000001b58a800 JavaThread "jar transforms Thread 318" [_thread_blocked, id=15156, stack(0x0000000029ed0000,0x0000000029fd0000)]
  0x000000001b591800 JavaThread "jar transforms Thread 317" [_thread_blocked, id=10248, stack(0x0000000029dd0000,0x0000000029ed0000)]
  0x000000001b58f800 JavaThread "jar transforms Thread 316" [_thread_blocked, id=9436, stack(0x0000000029cd0000,0x0000000029dd0000)]
  0x000000001b58c800 JavaThread "jar transforms Thread 315" [_thread_blocked, id=12852, stack(0x0000000029bd0000,0x0000000029cd0000)]
  0x000000001b58e000 JavaThread "jar transforms Thread 314" [_thread_blocked, id=13324, stack(0x0000000029ad0000,0x0000000029bd0000)]
  0x000000001b58d800 JavaThread "jar transforms Thread 313" [_thread_blocked, id=21744, stack(0x00000000299d0000,0x0000000029ad0000)]
  0x000000001ad3b800 JavaThread "jar transforms Thread 312" [_thread_blocked, id=7964, stack(0x00000000298d0000,0x00000000299d0000)]
  0x000000001ad40000 JavaThread "jar transforms Thread 311" [_thread_blocked, id=20216, stack(0x00000000297d0000,0x00000000298d0000)]
  0x000000001ad3d000 JavaThread "jar transforms Thread 310" [_thread_blocked, id=21128, stack(0x00000000296d0000,0x00000000297d0000)]
  0x000000001ad41800 JavaThread "jar transforms Thread 309" [_thread_blocked, id=7996, stack(0x00000000295d0000,0x00000000296d0000)]
  0x000000001ad3e000 JavaThread "jar transforms Thread 308" [_thread_blocked, id=7568, stack(0x00000000294d0000,0x00000000295d0000)]
  0x000000001ad3c800 JavaThread "jar transforms Thread 307" [_thread_blocked, id=19940, stack(0x00000000293d0000,0x00000000294d0000)]
  0x000000001ad34000 JavaThread "jar transforms Thread 306" [_thread_blocked, id=11848, stack(0x00000000292d0000,0x00000000293d0000)]
  0x000000001ad39800 JavaThread "jar transforms Thread 305" [_thread_blocked, id=5280, stack(0x00000000291d0000,0x00000000292d0000)]
  0x000000001ad38800 JavaThread "jar transforms Thread 304" [_thread_blocked, id=20732, stack(0x00000000290d0000,0x00000000291d0000)]
  0x000000001ad38000 JavaThread "jar transforms Thread 303" [_thread_blocked, id=1292, stack(0x0000000028fd0000,0x00000000290d0000)]
  0x000000001ad33800 JavaThread "jar transforms Thread 302" [_thread_blocked, id=2092, stack(0x0000000028ed0000,0x0000000028fd0000)]
  0x000000001ad3a000 JavaThread "jar transforms Thread 301" [_thread_blocked, id=8416, stack(0x0000000028dd0000,0x0000000028ed0000)]
  0x000000001ad35000 JavaThread "jar transforms Thread 300" [_thread_blocked, id=22304, stack(0x0000000028cd0000,0x0000000028dd0000)]
  0x000000001ad37000 JavaThread "jar transforms Thread 299" [_thread_blocked, id=13944, stack(0x0000000028bd0000,0x0000000028cd0000)]
  0x000000001ad36800 JavaThread "jar transforms Thread 298" [_thread_blocked, id=7604, stack(0x0000000028ad0000,0x0000000028bd0000)]
  0x000000001ad35800 JavaThread "jar transforms Thread 297" [_thread_blocked, id=20476, stack(0x00000000289d0000,0x0000000028ad0000)]
  0x0000000020c5f800 JavaThread "jar transforms Thread 296" [_thread_blocked, id=16008, stack(0x00000000288d0000,0x00000000289d0000)]
  0x0000000020c5e000 JavaThread "jar transforms Thread 295" [_thread_blocked, id=14044, stack(0x00000000287d0000,0x00000000288d0000)]
  0x0000000020c5b800 JavaThread "jar transforms Thread 294" [_thread_blocked, id=16040, stack(0x00000000286d0000,0x00000000287d0000)]
  0x0000000020c5b000 JavaThread "jar transforms Thread 293" [_thread_blocked, id=1460, stack(0x00000000285d0000,0x00000000286d0000)]
  0x0000000020c5d000 JavaThread "jar transforms Thread 292" [_thread_blocked, id=1396, stack(0x00000000284d0000,0x00000000285d0000)]
  0x0000000020c53800 JavaThread "jar transforms Thread 291" [_thread_blocked, id=4756, stack(0x00000000283d0000,0x00000000284d0000)]
  0x0000000020c5a000 JavaThread "jar transforms Thread 290" [_thread_blocked, id=3808, stack(0x00000000282d0000,0x00000000283d0000)]
  0x0000000020c52800 JavaThread "jar transforms Thread 289" [_thread_blocked, id=20984, stack(0x00000000281d0000,0x00000000282d0000)]
  0x0000000020c52000 JavaThread "jar transforms Thread 288" [_thread_blocked, id=5472, stack(0x00000000280d0000,0x00000000281d0000)]
  0x0000000020c58800 JavaThread "jar transforms Thread 287" [_thread_blocked, id=6188, stack(0x0000000027fd0000,0x00000000280d0000)]
  0x0000000020c51000 JavaThread "jar transforms Thread 286" [_thread_blocked, id=11608, stack(0x0000000027ed0000,0x0000000027fd0000)]
  0x0000000020c58000 JavaThread "jar transforms Thread 285" [_thread_blocked, id=2028, stack(0x0000000027dd0000,0x0000000027ed0000)]
  0x0000000020c57000 JavaThread "jar transforms Thread 284" [_thread_blocked, id=15284, stack(0x0000000027cd0000,0x0000000027dd0000)]
  0x0000000020c55800 JavaThread "jar transforms Thread 283" [_thread_blocked, id=6156, stack(0x0000000027bd0000,0x0000000027cd0000)]
  0x0000000020c55000 JavaThread "jar transforms Thread 282" [_thread_blocked, id=6540, stack(0x0000000027ad0000,0x0000000027bd0000)]
  0x0000000020c56800 JavaThread "jar transforms Thread 281" [_thread_blocked, id=22204, stack(0x00000000279d0000,0x0000000027ad0000)]
  0x000000001aa44000 JavaThread "jar transforms Thread 280" [_thread_blocked, id=11772, stack(0x00000000278d0000,0x00000000279d0000)]
  0x000000001aa3c800 JavaThread "jar transforms Thread 279" [_thread_blocked, id=13544, stack(0x00000000277d0000,0x00000000278d0000)]
  0x000000001aa43000 JavaThread "jar transforms Thread 278" [_thread_blocked, id=6944, stack(0x00000000276d0000,0x00000000277d0000)]
  0x000000001aa3e800 JavaThread "jar transforms Thread 277" [_thread_blocked, id=3552, stack(0x00000000275d0000,0x00000000276d0000)]
  0x000000001aa42800 JavaThread "jar transforms Thread 276" [_thread_blocked, id=628, stack(0x00000000274d0000,0x00000000275d0000)]
  0x000000001aa3b000 JavaThread "jar transforms Thread 275" [_thread_blocked, id=12608, stack(0x00000000273d0000,0x00000000274d0000)]
  0x000000001aa3e000 JavaThread "jar transforms Thread 274" [_thread_blocked, id=15884, stack(0x00000000272d0000,0x00000000273d0000)]
  0x000000001aa41800 JavaThread "jar transforms Thread 273" [_thread_blocked, id=19780, stack(0x00000000271d0000,0x00000000272d0000)]
  0x000000001aa3d000 JavaThread "jar transforms Thread 272" [_thread_blocked, id=22352, stack(0x00000000270d0000,0x00000000271d0000)]
  0x000000001aa40000 JavaThread "jar transforms Thread 271" [_thread_blocked, id=2544, stack(0x0000000026fd0000,0x00000000270d0000)]
  0x000000001aa3f800 JavaThread "jar transforms Thread 270" [_thread_blocked, id=9424, stack(0x0000000026ed0000,0x0000000026fd0000)]
  0x000000001aa41000 JavaThread "jar transforms Thread 269" [_thread_blocked, id=13924, stack(0x0000000026dd0000,0x0000000026ed0000)]
  0x000000001aa35800 JavaThread "jar transforms Thread 268" [_thread_blocked, id=13316, stack(0x0000000026cd0000,0x0000000026dd0000)]
  0x000000001aa36800 JavaThread "jar transforms Thread 267" [_thread_blocked, id=16544, stack(0x0000000026bd0000,0x0000000026cd0000)]
  0x000000001aa3a000 JavaThread "jar transforms Thread 266" [_thread_blocked, id=17744, stack(0x0000000026ad0000,0x0000000026bd0000)]
  0x000000001aa3b800 JavaThread "jar transforms Thread 265" [_thread_blocked, id=10300, stack(0x00000000269d0000,0x0000000026ad0000)]
  0x000000001aa39800 JavaThread "jar transforms Thread 264" [_thread_blocked, id=17140, stack(0x00000000268d0000,0x00000000269d0000)]
  0x000000001f861000 JavaThread "jar transforms Thread 263" [_thread_blocked, id=10036, stack(0x00000000267d0000,0x00000000268d0000)]
  0x000000001f860800 JavaThread "jar transforms Thread 262" [_thread_blocked, id=10152, stack(0x00000000266d0000,0x00000000267d0000)]
  0x000000001f85d800 JavaThread "jar transforms Thread 261" [_thread_blocked, id=20052, stack(0x00000000265d0000,0x00000000266d0000)]
  0x000000001f856000 JavaThread "jar transforms Thread 260" [_thread_blocked, id=17136, stack(0x00000000264d0000,0x00000000265d0000)]
  0x000000001f85c800 JavaThread "jar transforms Thread 259" [_thread_blocked, id=22064, stack(0x00000000263d0000,0x00000000264d0000)]
  0x000000001f855000 JavaThread "jar transforms Thread 258" [_thread_blocked, id=1588, stack(0x00000000262d0000,0x00000000263d0000)]
  0x000000001f85c000 JavaThread "jar transforms Thread 257" [_thread_blocked, id=11424, stack(0x00000000261d0000,0x00000000262d0000)]
  0x000000001f85b000 JavaThread "jar transforms Thread 256" [_thread_blocked, id=20680, stack(0x00000000260d0000,0x00000000261d0000)]
  0x000000001f85a800 JavaThread "jar transforms Thread 255" [_thread_blocked, id=8412, stack(0x0000000025fd0000,0x00000000260d0000)]
  0x000000001f859800 JavaThread "jar transforms Thread 254" [_thread_blocked, id=18736, stack(0x0000000025ed0000,0x0000000025fd0000)]
  0x000000001f853800 JavaThread "jar transforms Thread 253" [_thread_blocked, id=5088, stack(0x0000000025dd0000,0x0000000025ed0000)]
  0x000000001f857800 JavaThread "jar transforms Thread 252" [_thread_blocked, id=6568, stack(0x0000000025cd0000,0x0000000025dd0000)]
  0x000000001f853000 JavaThread "jar transforms Thread 251" [_thread_blocked, id=8112, stack(0x0000000025bd0000,0x0000000025cd0000)]
  0x000000001f859000 JavaThread "jar transforms Thread 250" [_thread_blocked, id=10856, stack(0x0000000025ad0000,0x0000000025bd0000)]
  0x000000001f852000 JavaThread "jar transforms Thread 249" [_thread_blocked, id=9720, stack(0x00000000259d0000,0x0000000025ad0000)]
  0x000000001f854800 JavaThread "jar transforms Thread 248" [_thread_blocked, id=536, stack(0x00000000258d0000,0x00000000259d0000)]
  0x000000001f858000 JavaThread "jar transforms Thread 247" [_thread_blocked, id=13140, stack(0x00000000257d0000,0x00000000258d0000)]
  0x0000000019e9b000 JavaThread "jar transforms Thread 246" [_thread_blocked, id=2276, stack(0x00000000256d0000,0x00000000257d0000)]
  0x0000000019e9b800 JavaThread "jar transforms Thread 245" [_thread_blocked, id=9976, stack(0x00000000255d0000,0x00000000256d0000)]
  0x0000000019ea1800 JavaThread "jar transforms Thread 244" [_thread_blocked, id=21508, stack(0x00000000254d0000,0x00000000255d0000)]
  0x0000000019e9a000 JavaThread "jar transforms Thread 243" [_thread_blocked, id=17200, stack(0x00000000253d0000,0x00000000254d0000)]
  0x0000000019ea1000 JavaThread "jar transforms Thread 242" [_thread_blocked, id=16992, stack(0x00000000252d0000,0x00000000253d0000)]
  0x0000000019e9c800 JavaThread "jar transforms Thread 241" [_thread_blocked, id=6908, stack(0x00000000251d0000,0x00000000252d0000)]
  0x0000000019ea0000 JavaThread "jar transforms Thread 240" [_thread_blocked, id=1236, stack(0x00000000250d0000,0x00000000251d0000)]
  0x0000000019e95000 JavaThread "jar transforms Thread 239" [_thread_blocked, id=15876, stack(0x0000000022610000,0x0000000022710000)]
  0x0000000019e99800 JavaThread "jar transforms Thread 238" [_thread_blocked, id=18416, stack(0x0000000022210000,0x0000000022310000)]
  0x0000000019e97000 JavaThread "jar transforms Thread 237" [_thread_blocked, id=12088, stack(0x0000000022110000,0x0000000022210000)]
  0x0000000019e98800 JavaThread "jar transforms Thread 236" [_thread_blocked, id=11540, stack(0x0000000022010000,0x0000000022110000)]
  0x0000000019e94000 JavaThread "jar transforms Thread 235" [_thread_blocked, id=10772, stack(0x0000000021f10000,0x0000000022010000)]
  0x0000000019e93800 JavaThread "jar transforms Thread 234" [_thread_blocked, id=13216, stack(0x0000000021e10000,0x0000000021f10000)]
  0x000000001ef29800 JavaThread "jar transforms Thread 233" [_thread_blocked, id=13584, stack(0x0000000021d10000,0x0000000021e10000)]
  0x000000001ef2a000 JavaThread "jar transforms Thread 232" [_thread_blocked, id=13720, stack(0x0000000021c10000,0x0000000021d10000)]
  0x000000001ef28000 JavaThread "jar transforms Thread 231" [_thread_blocked, id=19340, stack(0x0000000021b10000,0x0000000021c10000)]
  0x000000001ef2b800 JavaThread "jar transforms Thread 230" [_thread_blocked, id=1716, stack(0x0000000021a10000,0x0000000021b10000)]
  0x000000001ef27000 JavaThread "jar transforms Thread 229" [_thread_blocked, id=5828, stack(0x0000000021910000,0x0000000021a10000)]
  0x000000001ef26800 JavaThread "jar transforms Thread 228" [_thread_blocked, id=5944, stack(0x0000000021810000,0x0000000021910000)]
  0x000000001ef2b000 JavaThread "jar transforms Thread 227" [_thread_blocked, id=16984, stack(0x0000000021710000,0x0000000021810000)]
  0x000000001ef1f800 JavaThread "Daemon worker Thread 2" [_thread_blocked, id=12624, stack(0x000000001cdc0000,0x000000001cec0000)]
  0x000000001ef23800 JavaThread "Daemon Thread 2" [_thread_blocked, id=16204, stack(0x0000000001190000,0x0000000001290000)]
  0x0000000020c5e800 JavaThread "Memory manager" [_thread_blocked, id=8092, stack(0x000000002d130000,0x000000002d230000)]
  0x000000001ad41000 JavaThread "Cache worker for file content cache (C:\Users\Alex\.gradle\caches\6.5\fileContent)" [_thread_blocked, id=13448, stack(0x0000000023010000,0x0000000023110000)]
  0x000000001ad3e800 JavaThread "Cache worker for execution history cache (C:\Users\Alex\.gradle\caches\6.5\executionHistory)" [_thread_blocked, id=21176, stack(0x0000000022b10000,0x0000000022c10000)]
  0x000000001b590800 JavaThread "Cache worker for file hash cache (C:\Users\Alex\.gradle\caches\6.5\fileHashes)" [_thread_blocked, id=15336, stack(0x000000001d8c0000,0x000000001d9c0000)]
  0x000000001b58f000 JavaThread "File lock request listener" [_thread_in_native, id=11112, stack(0x000000001d7c0000,0x000000001d8c0000)]
  0x000000001b7db000 JavaThread "Cache worker for journal cache (C:\Users\Alex\.gradle\caches\journal-1)" [_thread_blocked, id=11708, stack(0x000000001d6c0000,0x000000001d7c0000)]
  0x000000001b384800 JavaThread "Daemon periodic checks" [_thread_blocked, id=10840, stack(0x000000001cac0000,0x000000001cbc0000)]
  0x000000001b383000 JavaThread "Incoming local TCP Connector on port 55652" [_thread_in_native, id=22044, stack(0x000000001c870000,0x000000001c970000)]
  0x000000001af9a800 JavaThread "Daemon health stats" [_thread_blocked, id=14464, stack(0x000000001c230000,0x000000001c330000)]
  0x00000000192bc800 JavaThread "Service Thread" daemon [_thread_blocked, id=9112, stack(0x0000000019690000,0x0000000019790000)]
  0x0000000017958800 JavaThread "C1 CompilerThread2" daemon [_thread_blocked, id=11224, stack(0x0000000019190000,0x0000000019290000)]
  0x000000001794a000 JavaThread "C2 CompilerThread1" daemon [_thread_in_native, id=16132, stack(0x0000000019090000,0x0000000019190000)]
=>0x0000000017942800 JavaThread "C2 CompilerThread0" daemon [_thread_in_native, id=19928, stack(0x0000000018f90000,0x0000000019090000)]
  0x0000000017941000 JavaThread "Attach Listener" daemon [_thread_blocked, id=8592, stack(0x0000000018e90000,0x0000000018f90000)]
  0x0000000017947000 JavaThread "Signal Dispatcher" daemon [_thread_blocked, id=21584, stack(0x0000000018d90000,0x0000000018e90000)]
  0x0000000002d1b000 JavaThread "Finalizer" daemon [_thread_blocked, id=13564, stack(0x0000000018b90000,0x0000000018c90000)]
  0x0000000017929000 JavaThread "Reference Handler" daemon [_thread_blocked, id=17776, stack(0x0000000018a90000,0x0000000018b90000)]
  0x000000000098e800 JavaThread "main" [_thread_blocked, id=17424, stack(0x0000000002a30000,0x0000000002b30000)]

Other Threads:
  0x0000000017906000 VMThread [stack: 0x0000000018990000,0x0000000018a90000] [id=10124]
  0x00000000192bf000 WatcherThread [stack: 0x0000000019790000,0x0000000019890000] [id=4300]

VM state:not at safepoint (normal execution)

VM Mutex/Monitor currently owned by a thread: None

heap address: 0x0000000080000000, size: 2048 MB, Compressed Oops mode: 32-bit
Narrow klass base: 0x0000000000000000, Narrow klass shift: 3
Compressed class space size: 1073741824 Address: 0x0000000100000000

Heap:
 PSYoungGen      total 382464K, used 118574K [0x00000000d5580000, 0x00000000efc00000, 0x0000000100000000)
  eden space 333312K, 20% used [0x00000000d5580000,0x00000000d996f3d0,0x00000000e9b00000)
  from space 49152K, 99% used [0x00000000e9b00000,0x00000000ecadc578,0x00000000ecb00000)
  to   space 49152K, 0% used [0x00000000ecb00000,0x00000000ecb00000,0x00000000efb00000)
 ParOldGen       total 353792K, used 128672K [0x0000000080000000, 0x0000000095980000, 0x00000000d5580000)
  object space 353792K, 36% used [0x0000000080000000,0x0000000087da8158,0x0000000095980000)
 Metaspace       used 120808K, capacity 127868K, committed 127948K, reserved 1161216K
  class space    used 15529K, capacity 16884K, committed 16884K, reserved 1048576K

Card table byte_map: [0x00000000120e0000,0x00000000124f0000] byte_map_base: 0x0000000011ce0000

Marking Bits: (ParMarkBitMap*) 0x0000000061eaf030
 Begin Bits: [0x0000000012ba0000, 0x0000000014ba0000)
 End Bits:   [0x0000000014ba0000, 0x0000000016ba0000)

Polling page: 0x00000000009f0000

CodeCache: size=245760Kb used=72423Kb max_used=72423Kb free=173336Kb
 bounds [0x0000000002d20000, 0x0000000007430000, 0x0000000011d20000]
 total_blobs=20842 nmethods=19887 adapters=866
 compilation: enabled

Compilation events (10 events):
Event: 386.771 Thread 0x0000000017958800 24625 %     3       com.android.tools.r8.ir.conversion.H::a @ 16 (56 bytes)
Event: 386.772 Thread 0x0000000017958800 nmethod 24625% 0x000000000742d4d0 code [0x000000000742d680, 0x000000000742dcb8]
Event: 386.820 Thread 0x0000000017958800 24627       2       com.android.tools.r8.ir.conversion.x::c (8 bytes)
Event: 386.820 Thread 0x0000000017958800 nmethod 24627 0x000000000742df90 code [0x000000000742e100, 0x000000000742e288]
Event: 386.828 Thread 0x0000000017958800 24628 %     3       com.android.tools.r8.ir.conversion.H::<init> @ 18 (46 bytes)
Event: 386.828 Thread 0x0000000017958800 nmethod 24628% 0x000000000742e310 code [0x000000000742e4a0, 0x000000000742e8b8]
Event: 386.829 Thread 0x0000000017958800 24629       3       com.android.tools.r8.ir.conversion.H::<init> (46 bytes)
Event: 386.829 Thread 0x0000000017958800 nmethod 24629 0x000000000742ead0 code [0x000000000742ec60, 0x000000000742efd8]
Event: 386.848 Thread 0x0000000017958800 24630       1       com.android.tools.r8.s.b.k1::B2 (2 bytes)
Event: 386.848 Thread 0x0000000017958800 nmethod 24630 0x000000000742f150 code [0x000000000742f2a0, 0x000000000742f3b0]

GC Heap History (10 events):
Event: 375.682 GC heap before
{Heap before GC invocations=33 (full 4):
 PSYoungGen      total 364544K, used 350173K [0x00000000d5580000, 0x00000000eeb00000, 0x0000000100000000)
  eden space 321024K, 100% used [0x00000000d5580000,0x00000000e8f00000,0x00000000e8f00000)
  from space 43520K, 66% used [0x00000000ec080000,0x00000000edcf74d8,0x00000000eeb00000)
  to   space 47104K, 0% used [0x00000000e8f00000,0x00000000e8f00000,0x00000000ebd00000)
 ParOldGen       total 353792K, used 89177K [0x0000000080000000, 0x0000000095980000, 0x00000000d5580000)
  object space 353792K, 25% used [0x0000000080000000,0x0000000085716538,0x0000000095980000)
 Metaspace       used 112105K, capacity 117912K, committed 117964K, reserved 1150976K
  class space    used 14371K, capacity 15570K, committed 15604K, reserved 1048576K
Event: 375.711 GC heap after
Heap after GC invocations=33 (full 4):
 PSYoungGen      total 368128K, used 34202K [0x00000000d5580000, 0x00000000efb00000, 0x0000000100000000)
  eden space 321024K, 0% used [0x00000000d5580000,0x00000000d5580000,0x00000000e8f00000)
  from space 47104K, 72% used [0x00000000e8f00000,0x00000000eb066898,0x00000000ebd00000)
  to   space 49152K, 0% used [0x00000000ecb00000,0x00000000ecb00000,0x00000000efb00000)
 ParOldGen       total 353792K, used 89185K [0x0000000080000000, 0x0000000095980000, 0x00000000d5580000)
  object space 353792K, 25% used [0x0000000080000000,0x0000000085718538,0x0000000095980000)
 Metaspace       used 112105K, capacity 117912K, committed 117964K, reserved 1150976K
  class space    used 14371K, capacity 15570K, committed 15604K, reserved 1048576K
}
Event: 379.471 GC heap before
{Heap before GC invocations=34 (full 4):
 PSYoungGen      total 368128K, used 355226K [0x00000000d5580000, 0x00000000efb00000, 0x0000000100000000)
  eden space 321024K, 100% used [0x00000000d5580000,0x00000000e8f00000,0x00000000e8f00000)
  from space 47104K, 72% used [0x00000000e8f00000,0x00000000eb066898,0x00000000ebd00000)
  to   space 49152K, 0% used [0x00000000ecb00000,0x00000000ecb00000,0x00000000efb00000)
 ParOldGen       total 353792K, used 89185K [0x0000000080000000, 0x0000000095980000, 0x00000000d5580000)
  object space 353792K, 25% used [0x0000000080000000,0x0000000085718538,0x0000000095980000)
 Metaspace       used 112322K, capacity 118138K, committed 118220K, reserved 1153024K
  class space    used 14380K, capacity 15585K, committed 15604K, reserved 1048576K
Event: 379.502 GC heap after
Heap after GC invocations=34 (full 4):
 PSYoungGen      total 382464K, used 30263K [0x00000000d5580000, 0x00000000efc00000, 0x0000000100000000)
  eden space 333312K, 0% used [0x00000000d5580000,0x00000000d5580000,0x00000000e9b00000)
  from space 49152K, 61% used [0x00000000ecb00000,0x00000000ee88ddd0,0x00000000efb00000)
  to   space 49152K, 0% used [0x00000000e9b00000,0x00000000e9b00000,0x00000000ecb00000)
 ParOldGen       total 353792K, used 89193K [0x0000000080000000, 0x0000000095980000, 0x00000000d5580000)
  object space 353792K, 25% used [0x0000000080000000,0x000000008571a538,0x0000000095980000)
 Metaspace       used 112322K, capacity 118138K, committed 118220K, reserved 1153024K
  class space    used 14380K, capacity 15585K, committed 15604K, reserved 1048576K
}
Event: 382.258 GC heap before
{Heap before GC invocations=35 (full 4):
 PSYoungGen      total 382464K, used 363575K [0x00000000d5580000, 0x00000000efc00000, 0x0000000100000000)
  eden space 333312K, 100% used [0x00000000d5580000,0x00000000e9b00000,0x00000000e9b00000)
  from space 49152K, 61% used [0x00000000ecb00000,0x00000000ee88ddd0,0x00000000efb00000)
  to   space 49152K, 0% used [0x00000000e9b00000,0x00000000e9b00000,0x00000000ecb00000)
 ParOldGen       total 353792K, used 89193K [0x0000000080000000, 0x0000000095980000, 0x00000000d5580000)
  object space 353792K, 25% used [0x0000000080000000,0x000000008571a538,0x0000000095980000)
 Metaspace       used 119387K, capacity 126372K, committed 126668K, reserved 1159168K
  class space    used 15425K, capacity 16768K, committed 16884K, reserved 1048576K
Event: 382.422 GC heap after
Heap after GC invocations=35 (full 4):
 PSYoungGen      total 382464K, used 49135K [0x00000000d5580000, 0x00000000efc00000, 0x0000000100000000)
  eden space 333312K, 0% used [0x00000000d5580000,0x00000000d5580000,0x00000000e9b00000)
  from space 49152K, 99% used [0x00000000e9b00000,0x00000000ecafbf90,0x00000000ecb00000)
  to   space 49152K, 0% used [0x00000000ecb00000,0x00000000ecb00000,0x00000000efb00000)
 ParOldGen       total 353792K, used 127936K [0x0000000080000000, 0x0000000095980000, 0x00000000d5580000)
  object space 353792K, 36% used [0x0000000080000000,0x0000000087cf0158,0x0000000095980000)
 Metaspace       used 119387K, capacity 126372K, committed 126668K, reserved 1159168K
  class space    used 15425K, capacity 16768K, committed 16884K, reserved 1048576K
}
Event: 385.053 GC heap before
{Heap before GC invocations=36 (full 4):
 PSYoungGen      total 382464K, used 382447K [0x00000000d5580000, 0x00000000efc00000, 0x0000000100000000)
  eden space 333312K, 100% used [0x00000000d5580000,0x00000000e9b00000,0x00000000e9b00000)
  from space 49152K, 99% used [0x00000000e9b00000,0x00000000ecafbf90,0x00000000ecb00000)
  to   space 49152K, 0% used [0x00000000ecb00000,0x00000000ecb00000,0x00000000efb00000)
 ParOldGen       total 353792K, used 127936K [0x0000000080000000, 0x0000000095980000, 0x00000000d5580000)
  object space 353792K, 36% used [0x0000000080000000,0x0000000087cf0158,0x0000000095980000)
 Metaspace       used 120672K, capacity 127706K, committed 127948K, reserved 1161216K
  class space    used 15522K, capacity 16877K, committed 16884K, reserved 1048576K
Event: 385.123 GC heap after
Heap after GC invocations=36 (full 4):
 PSYoungGen      total 382464K, used 49145K [0x00000000d5580000, 0x00000000efc00000, 0x0000000100000000)
  eden space 333312K, 0% used [0x00000000d5580000,0x00000000d5580000,0x00000000e9b00000)
  from space 49152K, 99% used [0x00000000ecb00000,0x00000000efafe690,0x00000000efb00000)
  to   space 49152K, 0% used [0x00000000e9b00000,0x00000000e9b00000,0x00000000ecb00000)
 ParOldGen       total 353792K, used 128672K [0x0000000080000000, 0x0000000095980000, 0x00000000d5580000)
  object space 353792K, 36% used [0x0000000080000000,0x0000000087da8158,0x0000000095980000)
 Metaspace       used 120672K, capacity 127706K, committed 127948K, reserved 1161216K
  class space    used 15522K, capacity 16877K, committed 16884K, reserved 1048576K
}
Event: 386.543 GC heap before
{Heap before GC invocations=37 (full 4):
 PSYoungGen      total 382464K, used 382457K [0x00000000d5580000, 0x00000000efc00000, 0x0000000100000000)
  eden space 333312K, 100% used [0x00000000d5580000,0x00000000e9b00000,0x00000000e9b00000)
  from space 49152K, 99% used [0x00000000ecb00000,0x00000000efafe690,0x00000000efb00000)
  to   space 49152K, 0% used [0x00000000e9b00000,0x00000000e9b00000,0x00000000ecb00000)
 ParOldGen       total 353792K, used 128672K [0x0000000080000000, 0x0000000095980000, 0x00000000d5580000)
  object space 353792K, 36% used [0x0000000080000000,0x0000000087da8158,0x0000000095980000)
 Metaspace       used 120797K, capacity 127804K, committed 127948K, reserved 1161216K
  class space    used 15528K, capacity 16884K, committed 16884K, reserved 1048576K
Event: 386.609 GC heap after
Heap after GC invocations=37 (full 4):
 PSYoungGen      total 382464K, used 49009K [0x00000000d5580000, 0x00000000efc00000, 0x0000000100000000)
  eden space 333312K, 0% used [0x00000000d5580000,0x00000000d5580000,0x00000000e9b00000)
  from space 49152K, 99% used [0x00000000e9b00000,0x00000000ecadc578,0x00000000ecb00000)
  to   space 49152K, 0% used [0x00000000ecb00000,0x00000000ecb00000,0x00000000efb00000)
 ParOldGen       total 353792K, used 128672K [0x0000000080000000, 0x0000000095980000, 0x00000000d5580000)
  object space 353792K, 36% used [0x0000000080000000,0x0000000087da8158,0x0000000095980000)
 Metaspace       used 120797K, capacity 127804K, committed 127948K, reserved 1161216K
  class space    used 15528K, capacity 16884K, committed 16884K, reserved 1048576K
}

Deoptimization events (10 events):
Event: 382.877 Thread 0x000000001ef20800 Uncommon trap: reason=class_check action=maybe_recompile pc=0x0000000006cd7d14 method=com.android.tools.r8.z.a.a.f.a(Lcom/android/tools/r8/z/a/a/h;[Lcom/android/tools/r8/z/a/a/d;I)V @ 1314
Event: 382.889 Thread 0x000000001ef20800 Uncommon trap: reason=predicate action=maybe_recompile pc=0x0000000006cd7b10 method=com.android.tools.r8.z.a.a.f.a(Lcom/android/tools/r8/z/a/a/h;[Lcom/android/tools/r8/z/a/a/d;I)V @ 1342
Event: 384.124 Thread 0x000000001ef20800 Uncommon trap: reason=unstable_if action=reinterpret pc=0x0000000006f71cd4 method=com.android.tools.r8.ir.regalloc.a.a(Lcom/android/tools/r8/s/b/k0;Lcom/android/tools/r8/ir/regalloc/a$b;)Z @ 75
Event: 384.477 Thread 0x000000001ef20800 Uncommon trap: reason=unstable_if action=reinterpret pc=0x0000000006e76a90 method=com.android.tools.r8.ir.regalloc.b.g(I)Lcom/android/tools/r8/ir/regalloc/b; @ 132
Event: 384.904 Thread 0x000000001ef1f000 Uncommon trap: reason=class_check action=maybe_recompile pc=0x00000000071cc634 method=com.android.tools.r8.s.b.o.c(Lcom/android/tools/r8/s/b/o;)Z @ 29
Event: 384.904 Thread 0x000000001ef1f000 Uncommon trap: reason=class_check action=maybe_recompile pc=0x00000000071cc634 method=com.android.tools.r8.s.b.o.c(Lcom/android/tools/r8/s/b/o;)Z @ 29
Event: 384.904 Thread 0x000000001ef1f000 Uncommon trap: reason=class_check action=maybe_recompile pc=0x00000000071cc634 method=com.android.tools.r8.s.b.o.c(Lcom/android/tools/r8/s/b/o;)Z @ 29
Event: 384.904 Thread 0x000000001ef1f000 Uncommon trap: reason=class_check action=maybe_recompile pc=0x00000000071cc634 method=com.android.tools.r8.s.b.o.c(Lcom/android/tools/r8/s/b/o;)Z @ 29
Event: 385.948 Thread 0x000000001ef1f000 Uncommon trap: reason=unstable_if action=reinterpret pc=0x0000000004a5923c method=com.android.tools.r8.s.b.W0.equals(Ljava/lang/Object;)Z @ 60
Event: 386.177 Thread 0x000000001ef1f000 Uncommon trap: reason=unstable_if action=reinterpret pc=0x00000000070cbcdc method=com.android.tools.r8.ir.optimize.K.a(Lcom/android/tools/r8/s/b/k0;)Z @ 156

Classes redefined (0 events):
No events

Internal exceptions (10 events):
Event: 380.390 Thread 0x000000001ef1f000 Exception <a 'java/lang/NoSuchMethodError': java.lang.Object.b(Lcom/android/tools/r8/graph/p1$b;)Lcom/android/tools/r8/graph/p1$b;> (0x00000000db181028) thrown at [C:\src\AOSP-openjdk-git\hotspot\src\share\vm\interpreter\linkResolver.cpp, line 620]
Event: 380.836 Thread 0x0000000020312800 Exception <a 'sun/nio/fs/WindowsException'> (0x00000000dd0f47f8) thrown at [C:\src\AOSP-openjdk-git\hotspot\src\share\vm\prims\jni.cpp, line 710]
Event: 380.836 Thread 0x000000001ef1f000 Exception <a 'sun/nio/fs/WindowsException'> (0x00000000dd113ef8) thrown at [C:\src\AOSP-openjdk-git\hotspot\src\share\vm\prims\jni.cpp, line 710]
Event: 380.949 Thread 0x000000001ef1f000 Exception <a 'sun/nio/fs/WindowsException'> (0x00000000dd86b2b0) thrown at [C:\src\AOSP-openjdk-git\hotspot\src\share\vm\prims\jni.cpp, line 710]
Event: 381.037 Thread 0x0000000020312800 Exception <a 'sun/nio/fs/WindowsException'> (0x00000000ddba7168) thrown at [C:\src\AOSP-openjdk-git\hotspot\src\share\vm\prims\jni.cpp, line 710]
Event: 381.370 Thread 0x0000000020312800 Exception <a 'sun/nio/fs/WindowsException'> (0x00000000df8b0e50) thrown at [C:\src\AOSP-openjdk-git\hotspot\src\share\vm\prims\jni.cpp, line 710]
Event: 381.421 Thread 0x000000001ef1f000 Exception <a 'sun/nio/fs/WindowsException'> (0x00000000dfd84278) thrown at [C:\src\AOSP-openjdk-git\hotspot\src\share\vm\prims\jni.cpp, line 710]
Event: 381.574 Thread 0x000000001ef1f000 Exception <a 'sun/nio/fs/WindowsException'> (0x00000000e2973eb0) thrown at [C:\src\AOSP-openjdk-git\hotspot\src\share\vm\prims\jni.cpp, line 710]
Event: 381.593 Thread 0x000000001ef20800 Exception <a 'sun/nio/fs/WindowsException'> (0x00000000e2f229e8) thrown at [C:\src\AOSP-openjdk-git\hotspot\src\share\vm\prims\jni.cpp, line 710]
Event: 381.667 Thread 0x0000000020312800 Exception <a 'sun/nio/fs/WindowsException'> (0x00000000e3381f38) thrown at [C:\src\AOSP-openjdk-git\hotspot\src\share\vm\prims\jni.cpp, line 710]

Events (10 events):
Event: 386.644 Thread 0x000000001ef20800 DEOPT PACKING pc=0x00000000067932c2 sp=0x000000003063a870
Event: 386.644 Thread 0x000000001ef20800 DEOPT UNPACKING pc=0x0000000002d675d0 sp=0x000000003063a6c0 mode 0
Event: 386.666 Thread 0x000000001ef20800 DEOPT PACKING pc=0x0000000006ea3d7c sp=0x000000003063a3e0
Event: 386.666 Thread 0x000000001ef20800 DEOPT UNPACKING pc=0x0000000002d675d0 sp=0x000000003063a430 mode 0
Event: 386.829 Thread 0x0000000020312800 DEOPT PACKING pc=0x0000000006d92af2 sp=0x000000002d52a3f0
Event: 386.829 Thread 0x0000000020312800 DEOPT UNPACKING pc=0x0000000002d675d0 sp=0x000000002d52a118 mode 0
Event: 386.852 loading class com/android/tools/r8/code/H2
Event: 386.852 loading class com/android/tools/r8/code/H2 done
Event: 386.853 loading class com/android/tools/r8/code/G2
Event: 386.853 loading class com/android/tools/r8/code/G2 done


Dynamic libraries:
0x00007ff7026e0000 - 0x00007ff702711000 	C:\Program Files\Android\Android Studio\jre\bin\java.exe
0x00007ffbb88e0000 - 0x00007ffbb8ad0000 	C:\Windows\SYSTEM32\ntdll.dll
0x00007ffbb7b70000 - 0x00007ffbb7c22000 	C:\Windows\System32\KERNEL32.DLL
0x00007ffbb62b0000 - 0x00007ffbb6553000 	C:\Windows\System32\KERNELBASE.dll
0x00007ffbb7190000 - 0x00007ffbb7233000 	C:\Windows\System32\ADVAPI32.dll
0x00007ffbb7320000 - 0x00007ffbb73be000 	C:\Windows\System32\msvcrt.dll
0x00007ffbb6a10000 - 0x00007ffbb6aa7000 	C:\Windows\System32\sechost.dll
0x00007ffbb8780000 - 0x00007ffbb88a0000 	C:\Windows\System32\RPCRT4.dll
0x00007ffbb7c60000 - 0x00007ffbb7df4000 	C:\Windows\System32\USER32.dll
0x00007ffbb5910000 - 0x00007ffbb5931000 	C:\Windows\System32\win32u.dll
0x00007ffbb7c30000 - 0x00007ffbb7c56000 	C:\Windows\System32\GDI32.dll
0x00007ffbb6560000 - 0x00007ffbb66f4000 	C:\Windows\System32\gdi32full.dll
0x00007ffbb5870000 - 0x00007ffbb590e000 	C:\Windows\System32\msvcp_win.dll
0x00007ffbb6890000 - 0x00007ffbb698a000 	C:\Windows\System32\ucrtbase.dll
0x00007ffba4510000 - 0x00007ffba4795000 	C:\Windows\WinSxS\amd64_microsoft.windows.common-controls_6595b64144ccf1df_6.0.18362.778_none_e6c6b761130d4fb8\COMCTL32.dll
0x00007ffbb7830000 - 0x00007ffbb7b66000 	C:\Windows\System32\combase.dll
0x00007ffbb5960000 - 0x00007ffbb59e0000 	C:\Windows\System32\bcryptPrimitives.dll
0x00007ffbb70b0000 - 0x00007ffbb70de000 	C:\Windows\System32\IMM32.DLL
0x0000000061600000 - 0x00000000616d2000 	C:\Program Files\Android\Android Studio\jre\jre\bin\msvcr100.dll
0x00000000616e0000 - 0x0000000061f2b000 	C:\Program Files\Android\Android Studio\jre\jre\bin\server\jvm.dll
0x00007ffbb6e20000 - 0x00007ffbb6e28000 	C:\Windows\System32\PSAPI.DLL
0x00007ffba74c0000 - 0x00007ffba74ca000 	C:\Windows\SYSTEM32\VERSION.dll
0x00007ffb906d0000 - 0x00007ffb906d9000 	C:\Windows\SYSTEM32\WSOCK32.dll
0x00007ffbb1f90000 - 0x00007ffbb1fb4000 	C:\Windows\SYSTEM32\WINMM.dll
0x00007ffbb1f40000 - 0x00007ffbb1f6d000 	C:\Windows\SYSTEM32\winmmbase.dll
0x00007ffbb6730000 - 0x00007ffbb677a000 	C:\Windows\System32\cfgmgr32.dll
0x00007ffbb7250000 - 0x00007ffbb72bf000 	C:\Windows\System32\WS2_32.dll
0x00007ffbb1780000 - 0x00007ffbb178f000 	C:\Program Files\Android\Android Studio\jre\jre\bin\verify.dll
0x00007ffba6100000 - 0x00007ffba6129000 	C:\Program Files\Android\Android Studio\jre\jre\bin\java.dll
0x00007ffba5fb0000 - 0x00007ffba5fc6000 	C:\Program Files\Android\Android Studio\jre\jre\bin\zip.dll
0x00007ffbb8090000 - 0x00007ffbb8775000 	C:\Windows\System32\SHELL32.dll
0x00007ffbb7000000 - 0x00007ffbb70a9000 	C:\Windows\System32\shcore.dll
0x00007ffbb5b30000 - 0x00007ffbb62b0000 	C:\Windows\System32\windows.storage.dll
0x00007ffbb57b0000 - 0x00007ffbb57d3000 	C:\Windows\System32\profapi.dll
0x00007ffbb5820000 - 0x00007ffbb586a000 	C:\Windows\System32\powrprof.dll
0x00007ffbb57a0000 - 0x00007ffbb57b0000 	C:\Windows\System32\UMPDC.dll
0x00007ffbb72c0000 - 0x00007ffbb7312000 	C:\Windows\System32\shlwapi.dll
0x00007ffbb57e0000 - 0x00007ffbb57f1000 	C:\Windows\System32\kernel.appcore.dll
0x00007ffbb5940000 - 0x00007ffbb5957000 	C:\Windows\System32\cryptsp.dll
0x00007ffb9e210000 - 0x00007ffb9e22a000 	C:\Program Files\Android\Android Studio\jre\jre\bin\net.dll
0x00007ffbb5010000 - 0x00007ffbb5077000 	C:\Windows\system32\mswsock.dll
0x00007ffb9e1f0000 - 0x00007ffb9e203000 	C:\Program Files\Android\Android Studio\jre\jre\bin\nio.dll
0x00007ffb88d10000 - 0x00007ffb88d37000 	C:\Users\Alex\.gradle\native\f6784746aeab05261644944871eae4fe03e0ef1612fff0a4a95f87b438bc6780\windows-amd64\native-platform.dll
0x00007ffbab3d0000 - 0x00007ffbab3dd000 	C:\Program Files\Android\Android Studio\jre\jre\bin\management.dll
0x00007ffbb4b80000 - 0x00007ffbb4bb3000 	C:\Windows\system32\rsaenh.dll
0x00007ffbb6700000 - 0x00007ffbb6726000 	C:\Windows\System32\bcrypt.dll
0x00007ffbb56c0000 - 0x00007ffbb56e5000 	C:\Windows\SYSTEM32\USERENV.dll
0x00007ffbb51e0000 - 0x00007ffbb51ec000 	C:\Windows\SYSTEM32\CRYPTBASE.dll
0x00007ffbb4d20000 - 0x00007ffbb4d5a000 	C:\Windows\SYSTEM32\IPHLPAPI.DLL
0x00007ffbb7fb0000 - 0x00007ffbb7fb8000 	C:\Windows\System32\NSI.dll
0x00007ffba76f0000 - 0x00007ffba7706000 	C:\Windows\SYSTEM32\dhcpcsvc6.DLL
0x00007ffba79a0000 - 0x00007ffba79bc000 	C:\Windows\SYSTEM32\dhcpcsvc.DLL
0x00007ffbb4d70000 - 0x00007ffbb4e3a000 	C:\Windows\SYSTEM32\DNSAPI.dll
0x00007ffba7bd0000 - 0x00007ffba7bdb000 	C:\Windows\SYSTEM32\WINNSI.DLL
0x00007ffb9cbd0000 - 0x00007ffb9cbf4000 	C:\Program Files\Android\Android Studio\jre\jre\bin\sunec.dll
0x00007ffbacf80000 - 0x00007ffbacf8a000 	C:\Windows\System32\rasadhlp.dll
0x00007ffba7220000 - 0x00007ffba7297000 	C:\Windows\System32\fwpuclnt.dll
0x00007ffba60f0000 - 0x00007ffba60fb000 	C:\Program Files\Android\Android Studio\jre\jre\bin\sunmscapi.dll
0x00007ffbb59e0000 - 0x00007ffbb5b29000 	C:\Windows\System32\CRYPT32.dll
0x00007ffbb5800000 - 0x00007ffbb5812000 	C:\Windows\System32\MSASN1.dll
0x00007ffbb4800000 - 0x00007ffbb4831000 	C:\Windows\SYSTEM32\ntmarta.dll

VM Arguments:
jvm_args: -Xmx2048m -Dfile.encoding=UTF-8 -Duser.country=RU -Duser.language=ru -Duser.variant 
java_command: org.gradle.launcher.daemon.bootstrap.GradleDaemon 6.5
java_class_path (initial): C:\Users\Alex\.gradle\wrapper\dists\gradle-6.5-all\2oz4ud9k3tuxjg84bbf55q0tn\gradle-6.5\lib\gradle-launcher-6.5.jar
Launcher Type: SUN_STANDARD

Environment Variables:
PATH=C:\Program Files\Common Files\Oracle\Java\javapath;C:\Windows\system32;C:\Windows;C:\Windows\System32\Wbem;C:\Windows\System32\WindowsPowerShell\v1.0\;C:\Program Files (x86)\NVIDIA Corporation\PhysX\Common;C:\Program Files\dotnet\;C:\Program Files\Microsoft SQL Server\130\Tools\Binn\;C:\Program Files\Microsoft SQL Server\Client SDK\ODBC\170\Tools\Binn\;C:\Program Files\Intel\WiFi\bin\;C:\Program Files\Common Files\Intel\WirelessCommon\;C:\Program Files (x86)\Microsoft SQL Server\150\Tools\Binn\;C:\Program Files\Microsoft SQL Server\150\Tools\Binn\;C:\Program Files\Microsoft SQL Server\150\DTS\Binn\;C:\Program Files (x86)\Microsoft SQL Server\150\DTS\Binn\;C:\Program Files (x86)\Common Files\Acronis\SnapAPI\;C:\Program Files\Java\jdk-11.0.9\bin;C:\Program Files\Git\cmd;C:\Program Files\PuTTY\;C:\Users\Alex\AppData\Local\Microsoft\WindowsApps;
USERNAME=Alex
OS=Windows_NT
PROCESSOR_IDENTIFIER=Intel64 Family 6 Model 142 Stepping 9, GenuineIntel



---------------  S Y S T E M  ---------------

OS: Windows 10.0 , 64 bit Build 18362 (10.0.18362.778)

CPU:total 4 (initial active 4) (2 cores per cpu, 2 threads per core) family 6 model 142 stepping 9, cmov, cx8, fxsr, mmx, sse, sse2, sse3, ssse3, sse4.1, sse4.2, popcnt, avx, avx2, aes, clmul, erms, 3dnowpref, lzcnt, ht, tsc, tscinvbit, bmi1, bmi2, adx

Memory: 4k page, physical 16648932k(349992k free), swap 22940388k(6132k free)

vm_info: OpenJDK 64-Bit Server VM (25.242-b01) for windows-amd64 JRE (1.8.0_242-release-1644-b01), built by "builder" with MS VC++ 10.0 (VS2010)

time: Sat Apr 10 23:43:20 2021
timezone: RTZ 2 (зима)
elapsed time: 386 seconds (0d 0h 6m 26s)

